[      87ms] [ERROR] Failed to load resource: the server responded with a status of 404 (Not Found) @ http://localhost:4400/favicon.ico:0
[  412877ms] [ERROR] Failed to load resource: the server responded with a status of 503 (Service Unavailable) @ http://localhost:4400/api/proxy/deals/summary:0
[  412878ms] [ERROR] Failed to load resource: the server responded with a status of 503 (Service Unavailable) @ http://localhost:4400/api/proxy/intel/brief:0
[  427850ms] [ERROR] Failed to load resource: net::ERR_CONNECTION_TIMED_OUT @ http://10.0.1.101:8100/api/research/stats:0
[  435637ms] [ERROR] Failed to load resource: the server responded with a status of 503 (Service Unavailable) @ http://localhost:4400/api/proxy/deals/summary:0
[  435638ms] [ERROR] Failed to load resource: the server responded with a status of 503 (Service Unavailable) @ http://localhost:4400/api/proxy/intel/brief:0
[  469571ms] [ERROR] Failed to load resource: net::ERR_INCOMPLETE_CHUNKED_ENCODING @ http://localhost:4400/api/events/stream:0
[  469832ms] [ERROR] Failed to load resource: net::ERR_CONNECTION_REFUSED @ http://localhost:4400/api/sessions:0
[  470048ms] [ERROR] Failed to load resource: net::ERR_CONNECTION_REFUSED @ http://localhost:4400/api/health:0
[  470048ms] [ERROR] Failed to load resource: net::ERR_CONNECTION_REFUSED @ http://localhost:4400/api/registry:0
[  639244ms] [ERROR] Failed to load resource: net::ERR_INCOMPLETE_CHUNKED_ENCODING @ http://localhost:4400/api/events/stream:0
[  640052ms] [ERROR] Failed to load resource: net::ERR_CONNECTION_REFUSED @ http://localhost:4400/api/health:0
[  640052ms] [ERROR] Failed to load resource: net::ERR_CONNECTION_REFUSED @ http://localhost:4400/api/registry:0
[  673768ms] [ERROR] Failed to load resource: net::ERR_INCOMPLETE_CHUNKED_ENCODING @ http://localhost:4400/api/events/stream:0
[  673769ms] [ERROR] Failed to load resource: net::ERR_CONNECTION_REFUSED @ http://localhost:4400/api/proxy/deals/market/3:0
[  673769ms] [ERROR] Failed to load resource: net::ERR_CONNECTION_REFUSED @ http://localhost:4400/api/proxy/deals/market/4:0
[  673769ms] [ERROR] Failed to load resource: net::ERR_CONNECTION_REFUSED @ http://localhost:4400/api/proxy/deals/market/5:0
[  673769ms] [ERROR] Failed to load resource: net::ERR_CONNECTION_REFUSED @ http://localhost:4400/api/proxy/deals/market/6:0
[  673769ms] [ERROR] Failed to load resource: net::ERR_CONNECTION_REFUSED @ http://localhost:4400/api/proxy/deals/market/7:0
[  673769ms] [ERROR] Failed to load resource: net::ERR_CONNECTION_REFUSED @ http://localhost:4400/api/proxy/deals/market/1:0
[  673769ms] [ERROR] Failed to load resource: net::ERR_CONNECTION_REFUSED @ http://localhost:4400/api/sessions:0
[  673769ms] [ERROR] Failed to load resource: net::ERR_CONNECTION_REFUSED @ http://localhost:4400/api/health:0
[  673769ms] [ERROR] Failed to load resource: net::ERR_CONNECTION_REFUSED @ http://localhost:4400/api/registry:0
[  673770ms] [ERROR] Failed to load resource: net::ERR_CONNECTION_REFUSED @ http://localhost:4400/api/proxy/intel/brief:0
[  673770ms] [ERROR] Failed to load resource: net::ERR_CONNECTION_REFUSED @ http://localhost:4400/api/proxy/deals/summary:0
[  673770ms] [ERROR] Failed to load resource: net::ERR_CONNECTION_REFUSED @ http://localhost:4400/api/proxy/deals/market/8:0
[  673770ms] [ERROR] Failed to load resource: net::ERR_CONNECTION_REFUSED @ http://localhost:4400/api/proxy/deals/market/2:0
[  673770ms] [ERROR] Failed to load resource: net::ERR_CONNECTION_REFUSED @ http://localhost:4400/api/proxy/deals/market/9:0
[  731463ms] [ERROR] Failed to load resource: net::ERR_INCOMPLETE_CHUNKED_ENCODING @ http://localhost:4400/api/events/stream:0
[  731463ms] [ERROR] Failed to load resource: net::ERR_CONNECTION_REFUSED @ http://localhost:4400/api/proxy/deals/summary:0
[  731463ms] [ERROR] Failed to load resource: net::ERR_CONNECTION_REFUSED @ http://localhost:4400/api/proxy/intel/brief:0
[  816579ms] [ERROR] Failed to load resource: net::ERR_INCOMPLETE_CHUNKED_ENCODING @ http://localhost:4400/api/events/stream:0
