[  225043ms] [ERROR] Failed to load resource: net::ERR_CONNECTION_REFUSED @ http://localhost:4400/api/sessions:0
[  225044ms] [ERROR] Failed to load resource: net::ERR_CONNECTION_REFUSED @ http://localhost:4400/api/usage:0
[  225701ms] [ERROR] Failed to load resource: net::ERR_CONNECTION_REFUSED @ http://localhost:4400/api/events/stream:0
[  228704ms] [ERROR] Failed to load resource: net::ERR_CONNECTION_REFUSED @ http://localhost:4400/api/events/stream:0
[  230043ms] [ERROR] Failed to load resource: net::ERR_CONNECTION_REFUSED @ http://localhost:4400/api/health:0
[  230043ms] [ERROR] Failed to load resource: net::ERR_CONNECTION_REFUSED @ http://localhost:4400/api/registry:0
[  231707ms] [ERROR] Failed to load resource: net::ERR_CONNECTION_REFUSED @ http://localhost:4400/api/events/stream:0
[  234709ms] [ERROR] Failed to load resource: net::ERR_CONNECTION_REFUSED @ http://localhost:4400/api/events/stream:0
[  237712ms] [ERROR] Failed to load resource: net::ERR_CONNECTION_REFUSED @ http://localhost:4400/api/events/stream:0
[  240045ms] [ERROR] Failed to load resource: net::ERR_CONNECTION_REFUSED @ http://localhost:4400/api/sessions:0
[  240045ms] [ERROR] Failed to load resource: net::ERR_CONNECTION_REFUSED @ http://localhost:4400/api/reviews:0
[  240046ms] [ERROR] Failed to load resource: net::ERR_CONNECTION_REFUSED @ http://localhost:4400/api/health:0
[  240046ms] [ERROR] Failed to load resource: net::ERR_CONNECTION_REFUSED @ http://localhost:4400/api/usage:0
[  240046ms] [ERROR] Failed to load resource: net::ERR_CONNECTION_REFUSED @ http://localhost:4400/api/registry:0
[  240046ms] [ERROR] Failed to load resource: net::ERR_CONNECTION_REFUSED @ http://localhost:4400/api/nodes:0
[  240048ms] [ERROR] Failed to load resource: net::ERR_CONNECTION_REFUSED @ http://localhost:4400/api/builds/health:0
[  240048ms] [ERROR] Failed to load resource: net::ERR_CONNECTION_REFUSED @ http://localhost:4400/api/proxy/intel/items?limit=50:0
[  240049ms] [ERROR] Failed to load resource: net::ERR_CONNECTION_REFUSED @ http://localhost:4400/api/proxy/deals/items?limit=50:0
[  240050ms] [ERROR] Failed to load resource: net::ERR_CONNECTION_REFUSED @ http://localhost:4400/api/proxy/intel/improvements:0
[  240051ms] [ERROR] Failed to load resource: net::ERR_CONNECTION_REFUSED @ http://localhost:4400/api/proxy/deals/hunts:0
[  240053ms] [ERROR] Failed to load resource: net::ERR_CONNECTION_REFUSED @ http://localhost:4400/api/proxy/intel/brief:0
[  240053ms] [ERROR] Failed to load resource: net::ERR_CONNECTION_REFUSED @ http://localhost:4400/api/proxy/deals/summary:0
[  240053ms] [ERROR] Failed to load resource: net::ERR_CONNECTION_REFUSED @ http://localhost:4400/api/proxy/deals/market/9:0
[  240054ms] [ERROR] Failed to load resource: net::ERR_CONNECTION_REFUSED @ http://localhost:4400/api/proxy/deals/market/8:0
[  240054ms] [ERROR] Failed to load resource: net::ERR_CONNECTION_REFUSED @ http://localhost:4400/api/proxy/deals/market/2:0
[  240054ms] [ERROR] Failed to load resource: net::ERR_CONNECTION_REFUSED @ http://localhost:4400/api/proxy/deals/market/3:0
[  240054ms] [ERROR] Failed to load resource: net::ERR_CONNECTION_REFUSED @ http://localhost:4400/api/proxy/deals/market/4:0
[  240054ms] [ERROR] Failed to load resource: net::ERR_CONNECTION_REFUSED @ http://localhost:4400/api/proxy/deals/market/5:0
[  240055ms] [ERROR] Failed to load resource: net::ERR_CONNECTION_REFUSED @ http://localhost:4400/api/proxy/deals/market/6:0
[  240055ms] [ERROR] Failed to load resource: net::ERR_CONNECTION_REFUSED @ http://localhost:4400/api/proxy/deals/market/7:0
[  240055ms] [ERROR] Failed to load resource: net::ERR_CONNECTION_REFUSED @ http://localhost:4400/api/proxy/deals/market/1:0
[  240058ms] [ERROR] Failed to load resource: net::ERR_CONNECTION_REFUSED @ http://localhost:4400/api/monitor/health?limit=200:0
[  240058ms] [ERROR] Failed to load resource: net::ERR_CONNECTION_REFUSED @ http://localhost:4400/api/monitor/alerts:0
[  240058ms] [ERROR] Failed to load resource: net::ERR_CONNECTION_REFUSED @ http://localhost:4400/api/monitor/remediation?limit=50:0
[  240060ms] [ERROR] Failed to load resource: net::ERR_CONNECTION_REFUSED @ http://localhost:4400/api/monitor/pipeline?limit=50:0
[  240713ms] [ERROR] Failed to load resource: net::ERR_CONNECTION_REFUSED @ http://localhost:4400/api/events/stream:0
[  465045ms] [ERROR] Failed to load resource: net::ERR_CONNECTION_REFUSED @ http://localhost:4400/api/sessions:0
[  465045ms] [ERROR] Failed to load resource: net::ERR_CONNECTION_REFUSED @ http://localhost:4400/api/usage:0
