[      54ms] [INFO] %cDownload the React DevTools for a better development experience: https://reactjs.org/link/react-devtools font-weight:bold @ http://localhost:3001/node_modules/.vite/deps/chunk-Y62RWVFB.js?v=a87921e9:21550
[      59ms] [WARNING] WebSocket connection to 'ws://localhost:8080/ws/updates' failed: WebSocket is closed before the connection is established. @ http://localhost:3001/src/hooks/useWebSocket.ts:66
[      61ms] [ERROR] Error loading tasks: AxiosError @ http://localhost:3001/src/components/TaskList.tsx:38
[      61ms] [ERROR] Failed to load resource: net::ERR_CONNECTION_REFUSED @ http://localhost:8080/api/orchestrator/tasks:0
[      61ms] [ERROR] Error loading dashboard data: AxiosError @ http://localhost:3001/src/components/Dashboard.tsx?t=1776001745632:58
[      61ms] [ERROR] Failed to load resource: net::ERR_CONNECTION_REFUSED @ http://localhost:8080/api/orchestrator/status:0
[      61ms] [ERROR] Failed to load resource: net::ERR_CONNECTION_REFUSED @ http://localhost:8080/api/orchestrator/progress:0
[      62ms] [WARNING] WebSocket connection to 'ws://localhost:8080/ws/updates' failed: WebSocket is closed before the connection is established. @ http://localhost:3001/src/hooks/useWebSocket.ts:66
[      62ms] [ERROR] Error loading tasks: AxiosError @ http://localhost:3001/src/components/TaskList.tsx:38
[      62ms] [ERROR] Failed to load resource: net::ERR_CONNECTION_REFUSED @ http://localhost:8080/api/orchestrator/tasks:0
[      62ms] [ERROR] Error loading dashboard data: AxiosError @ http://localhost:3001/src/components/Dashboard.tsx?t=1776001745632:58
[      62ms] [ERROR] Failed to load resource: net::ERR_CONNECTION_REFUSED @ http://localhost:8080/api/orchestrator/status:0
[      62ms] [ERROR] Failed to load resource: net::ERR_CONNECTION_REFUSED @ http://localhost:8080/api/orchestrator/progress:0
[      71ms] [ERROR] WebSocket connection to 'ws://localhost:8080/ws/updates' failed: Error in connection establishment: net::ERR_CONNECTION_REFUSED @ http://localhost:3001/src/hooks/useWebSocket.ts:22
[    3064ms] [ERROR] WebSocket connection to 'ws://localhost:8080/ws/updates' failed: Error in connection establishment: net::ERR_CONNECTION_REFUSED @ http://localhost:3001/src/hooks/useWebSocket.ts:22
[    3076ms] [ERROR] WebSocket connection to 'ws://localhost:8080/ws/updates' failed: Error in connection establishment: net::ERR_CONNECTION_REFUSED @ http://localhost:3001/src/hooks/useWebSocket.ts:22
[    5065ms] [ERROR] Error loading tasks: AxiosError @ http://localhost:3001/src/components/TaskList.tsx:38
[    5065ms] [ERROR] Failed to load resource: net::ERR_CONNECTION_REFUSED @ http://localhost:8080/api/orchestrator/tasks:0
[    5065ms] [ERROR] Error loading dashboard data: AxiosError @ http://localhost:3001/src/components/Dashboard.tsx?t=1776001745632:58
[    5065ms] [ERROR] Failed to load resource: net::ERR_CONNECTION_REFUSED @ http://localhost:8080/api/orchestrator/status:0
[    5065ms] [ERROR] Failed to load resource: net::ERR_CONNECTION_REFUSED @ http://localhost:8080/api/orchestrator/progress:0
[    6066ms] [ERROR] WebSocket connection to 'ws://localhost:8080/ws/updates' failed: Error in connection establishment: net::ERR_CONNECTION_REFUSED @ http://localhost:3001/src/hooks/useWebSocket.ts:22
[    6077ms] [ERROR] WebSocket connection to 'ws://localhost:8080/ws/updates' failed: Error in connection establishment: net::ERR_CONNECTION_REFUSED @ http://localhost:3001/src/hooks/useWebSocket.ts:22
[    7995ms] [ERROR] WebSocket connection to 'ws://localhost:8080/ws/updates' failed: Error in connection establishment: net::ERR_CONNECTION_REFUSED @ http://localhost:3001/src/hooks/useWebSocket.ts:22
[    8003ms] [ERROR] Warning: validateDOMNesting(...): %s cannot appear as a descendant of <%s>.%s <button> button 
    at button
    at button
    at div
    at div
    at div
    at DealsTab (http://localhost:3001/src/components/DealsTab.tsx?t=1776001745632:22:28)
    at div
    at div
    at Dashboard (http://localhost:3001/src/components/Dashboard.tsx?t=1776001745632:29:31)
    at RenderedRoute (http://localhost:3001/node_modules/.vite/deps/react-router-dom.js?v=f3f419af:6021:26)
    at Routes (http://localhost:3001/node_modules/.vite/deps/react-router-dom.js?v=f3f419af:6815:3)
    at div
    at Router (http://localhost:3001/node_modules/.vite/deps/react-router-dom.js?v=f3f419af:6758:13)
    at BrowserRouter (http://localhost:3001/node_modules/.vite/deps/react-router-dom.js?v=f3f419af:9878:3)
    at App @ http://localhost:3001/node_modules/.vite/deps/chunk-Y62RWVFB.js?v=a87921e9:520
[   10061ms] [ERROR] Error loading dashboard data: AxiosError @ http://localhost:3001/src/components/Dashboard.tsx?t=1776001745632:58
[   10061ms] [ERROR] Failed to load resource: net::ERR_CONNECTION_REFUSED @ http://localhost:8080/api/orchestrator/status:0
[   10061ms] [ERROR] Failed to load resource: net::ERR_CONNECTION_REFUSED @ http://localhost:8080/api/orchestrator/progress:0
[   15063ms] [ERROR] Error loading dashboard data: AxiosError @ http://localhost:3001/src/components/Dashboard.tsx?t=1776001745632:58
[   15063ms] [ERROR] Failed to load resource: net::ERR_CONNECTION_REFUSED @ http://localhost:8080/api/orchestrator/status:0
[   15063ms] [ERROR] Failed to load resource: net::ERR_CONNECTION_REFUSED @ http://localhost:8080/api/orchestrator/progress:0
[   20065ms] [ERROR] Error loading dashboard data: AxiosError @ http://localhost:3001/src/components/Dashboard.tsx?t=1776001745632:58
[   20065ms] [ERROR] Failed to load resource: net::ERR_CONNECTION_REFUSED @ http://localhost:8080/api/orchestrator/status:0
[   20066ms] [ERROR] Failed to load resource: net::ERR_CONNECTION_REFUSED @ http://localhost:8080/api/orchestrator/progress:0
[   25063ms] [ERROR] Error loading dashboard data: AxiosError @ http://localhost:3001/src/components/Dashboard.tsx?t=1776001745632:58
[   25063ms] [ERROR] Failed to load resource: net::ERR_CONNECTION_REFUSED @ http://localhost:8080/api/orchestrator/status:0
[   25063ms] [ERROR] Failed to load resource: net::ERR_CONNECTION_REFUSED @ http://localhost:8080/api/orchestrator/progress:0
[   30062ms] [ERROR] Error loading dashboard data: AxiosError @ http://localhost:3001/src/components/Dashboard.tsx?t=1776001745632:58
[   30062ms] [ERROR] Failed to load resource: net::ERR_CONNECTION_REFUSED @ http://localhost:8080/api/orchestrator/status:0
[   30062ms] [ERROR] Failed to load resource: net::ERR_CONNECTION_REFUSED @ http://localhost:8080/api/orchestrator/progress:0
