[      66ms] [ERROR] Failed to load resource: the server responded with a status of 404 (Not Found) @ http://localhost:4400/api/proxy/intel/brief:0
[   30047ms] [ERROR] Failed to load resource: the server responded with a status of 503 (Service Unavailable) @ http://localhost:4400/api/proxy/deals/hunts:0
[   30047ms] [ERROR] Failed to load resource: the server responded with a status of 503 (Service Unavailable) @ http://localhost:4400/api/proxy/intel/items?limit=50:0
[   30050ms] [ERROR] Failed to load resource: the server responded with a status of 503 (Service Unavailable) @ http://localhost:4400/api/proxy/intel/alerts:0
[   30052ms] [ERROR] Failed to load resource: the server responded with a status of 503 (Service Unavailable) @ http://localhost:4400/api/proxy/deals/items?limit=50:0
[   30052ms] [ERROR] Failed to load resource: the server responded with a status of 503 (Service Unavailable) @ http://localhost:4400/api/proxy/intel/improvements:0
[   30053ms] [ERROR] Failed to load resource: the server responded with a status of 503 (Service Unavailable) @ http://localhost:4400/api/proxy/deals/hunts:0
[   30054ms] [ERROR] Failed to load resource: the server responded with a status of 503 (Service Unavailable) @ http://localhost:4400/api/proxy/intel/items?limit=50:0
[   30062ms] [ERROR] Failed to load resource: the server responded with a status of 503 (Service Unavailable) @ http://localhost:4400/api/proxy/deals/items?limit=50:0
[   30066ms] [ERROR] Failed to load resource: the server responded with a status of 503 (Service Unavailable) @ http://localhost:4400/api/proxy/intel/brief:0
[   60043ms] [ERROR] Failed to load resource: the server responded with a status of 503 (Service Unavailable) @ http://localhost:4400/api/proxy/intel/items?limit=50:0
[   60044ms] [ERROR] Failed to load resource: the server responded with a status of 503 (Service Unavailable) @ http://localhost:4400/api/proxy/intel/alerts:0
[   60045ms] [ERROR] Failed to load resource: the server responded with a status of 503 (Service Unavailable) @ http://localhost:4400/api/proxy/deals/items?limit=50:0
[   60045ms] [ERROR] Failed to load resource: the server responded with a status of 503 (Service Unavailable) @ http://localhost:4400/api/proxy/deals/hunts:0
[   60048ms] [ERROR] Failed to load resource: the server responded with a status of 503 (Service Unavailable) @ http://localhost:4400/api/proxy/intel/improvements:0
[   60049ms] [ERROR] Failed to load resource: the server responded with a status of 503 (Service Unavailable) @ http://localhost:4400/api/proxy/deals/hunts:0
[   60049ms] [ERROR] Failed to load resource: the server responded with a status of 503 (Service Unavailable) @ http://localhost:4400/api/proxy/deals/items?limit=50:0
[   60049ms] [ERROR] Failed to load resource: the server responded with a status of 503 (Service Unavailable) @ http://localhost:4400/api/proxy/intel/items?limit=50:0
[   60052ms] [ERROR] Failed to load resource: the server responded with a status of 503 (Service Unavailable) @ http://localhost:4400/api/proxy/intel/brief:0
[   90043ms] [ERROR] Failed to load resource: the server responded with a status of 503 (Service Unavailable) @ http://localhost:4400/api/proxy/intel/items?limit=50:0
[   90043ms] [ERROR] Failed to load resource: the server responded with a status of 503 (Service Unavailable) @ http://localhost:4400/api/proxy/intel/alerts:0
[   90045ms] [ERROR] Failed to load resource: the server responded with a status of 503 (Service Unavailable) @ http://localhost:4400/api/proxy/deals/items?limit=50:0
[   90046ms] [ERROR] Failed to load resource: the server responded with a status of 503 (Service Unavailable) @ http://localhost:4400/api/proxy/deals/hunts:0
[   90047ms] [ERROR] Failed to load resource: the server responded with a status of 503 (Service Unavailable) @ http://localhost:4400/api/proxy/intel/improvements:0
[   90048ms] [ERROR] Failed to load resource: the server responded with a status of 503 (Service Unavailable) @ http://localhost:4400/api/proxy/deals/items?limit=50:0
[   90048ms] [ERROR] Failed to load resource: the server responded with a status of 503 (Service Unavailable) @ http://localhost:4400/api/proxy/intel/items?limit=50:0
[   90049ms] [ERROR] Failed to load resource: the server responded with a status of 503 (Service Unavailable) @ http://localhost:4400/api/proxy/deals/hunts:0
[   90051ms] [ERROR] Failed to load resource: the server responded with a status of 503 (Service Unavailable) @ http://localhost:4400/api/proxy/intel/brief:0
[  121137ms] [ERROR] Failed to load resource: the server responded with a status of 404 (Not Found) @ http://localhost:4400/api/proxy/intel/brief:0
[  150103ms] [ERROR] Failed to load resource: the server responded with a status of 503 (Service Unavailable) @ http://localhost:4400/api/proxy/intel/improvements:0
[  150103ms] [ERROR] Failed to load resource: the server responded with a status of 503 (Service Unavailable) @ http://localhost:4400/api/proxy/deals/items?limit=50:0
[  150104ms] [ERROR] Failed to load resource: the server responded with a status of 503 (Service Unavailable) @ http://localhost:4400/api/proxy/intel/alerts:0
[  150104ms] [ERROR] Failed to load resource: the server responded with a status of 503 (Service Unavailable) @ http://localhost:4400/api/proxy/deals/hunts:0
[  150107ms] [ERROR] Failed to load resource: the server responded with a status of 503 (Service Unavailable) @ http://localhost:4400/api/proxy/intel/items?limit=50:0
[  150137ms] [ERROR] Failed to load resource: the server responded with a status of 503 (Service Unavailable) @ http://localhost:4400/api/proxy/deals/hunts:0
[  150137ms] [ERROR] Failed to load resource: the server responded with a status of 503 (Service Unavailable) @ http://localhost:4400/api/proxy/deals/items?limit=50:0
[  150138ms] [ERROR] Failed to load resource: the server responded with a status of 503 (Service Unavailable) @ http://localhost:4400/api/proxy/intel/items?limit=50:0
[  150170ms] [ERROR] Failed to load resource: the server responded with a status of 503 (Service Unavailable) @ http://localhost:4400/api/proxy/intel/brief:0
[  180077ms] [ERROR] Failed to load resource: the server responded with a status of 503 (Service Unavailable) @ http://localhost:4400/api/proxy/intel/items?limit=50:0
[  180078ms] [ERROR] Failed to load resource: the server responded with a status of 503 (Service Unavailable) @ http://localhost:4400/api/proxy/deals/hunts:0
[  180079ms] [ERROR] Failed to load resource: the server responded with a status of 503 (Service Unavailable) @ http://localhost:4400/api/proxy/intel/alerts:0
[  180080ms] [ERROR] Failed to load resource: the server responded with a status of 503 (Service Unavailable) @ http://localhost:4400/api/proxy/deals/items?limit=50:0
[  180085ms] [ERROR] Failed to load resource: the server responded with a status of 503 (Service Unavailable) @ http://localhost:4400/api/proxy/intel/improvements:0
[  180110ms] [ERROR] Failed to load resource: the server responded with a status of 503 (Service Unavailable) @ http://localhost:4400/api/proxy/deals/hunts:0
[  180111ms] [ERROR] Failed to load resource: the server responded with a status of 503 (Service Unavailable) @ http://localhost:4400/api/proxy/intel/items?limit=50:0
[  180112ms] [ERROR] Failed to load resource: the server responded with a status of 503 (Service Unavailable) @ http://localhost:4400/api/proxy/deals/items?limit=50:0
[  180146ms] [ERROR] Failed to load resource: the server responded with a status of 503 (Service Unavailable) @ http://localhost:4400/api/proxy/intel/brief:0
[  210057ms] [ERROR] Failed to load resource: the server responded with a status of 404 (Not Found) @ http://localhost:4400/api/proxy/intel/brief:0
[  240058ms] [ERROR] Failed to load resource: the server responded with a status of 404 (Not Found) @ http://localhost:4400/api/proxy/intel/brief:0
[  270061ms] [ERROR] Failed to load resource: the server responded with a status of 404 (Not Found) @ http://localhost:4400/api/proxy/intel/brief:0
