[      90ms] [ERROR] Failed to load resource: the server responded with a status of 404 (Not Found) @ http://localhost:4400/favicon.ico:0
[ 1362671ms] [ERROR] Failed to load resource: net::ERR_CONNECTION_RESET @ http://10.0.1.101:8100/api/research/stats:0
[ 1362673ms] [ERROR] Failed to load resource: the server responded with a status of 503 (Service Unavailable) @ http://localhost:4400/api/proxy/intel/items?limit=50:0
[ 1362708ms] [ERROR] Failed to load resource: the server responded with a status of 503 (Service Unavailable) @ http://localhost:4400/api/proxy/deals/items?limit=50:0
[ 1362742ms] [ERROR] Failed to load resource: the server responded with a status of 503 (Service Unavailable) @ http://localhost:4400/api/proxy/intel/improvements:0
[ 1362775ms] [ERROR] Failed to load resource: the server responded with a status of 503 (Service Unavailable) @ http://localhost:4400/api/proxy/deals/hunts:0
[ 1362811ms] [ERROR] Failed to load resource: the server responded with a status of 503 (Service Unavailable) @ http://localhost:4400/api/proxy/deals/market/9:0
[ 1362811ms] [ERROR] Failed to load resource: the server responded with a status of 503 (Service Unavailable) @ http://localhost:4400/api/proxy/deals/summary:0
[ 1362811ms] [ERROR] Failed to load resource: the server responded with a status of 503 (Service Unavailable) @ http://localhost:4400/api/proxy/intel/brief:0
[ 1362813ms] [ERROR] Failed to load resource: the server responded with a status of 503 (Service Unavailable) @ http://localhost:4400/api/proxy/deals/market/8:0
[ 1362844ms] [ERROR] Failed to load resource: the server responded with a status of 503 (Service Unavailable) @ http://localhost:4400/api/proxy/deals/market/2:0
[ 1362845ms] [ERROR] Failed to load resource: the server responded with a status of 503 (Service Unavailable) @ http://localhost:4400/api/proxy/deals/market/5:0
[ 1362846ms] [ERROR] Failed to load resource: the server responded with a status of 503 (Service Unavailable) @ http://localhost:4400/api/proxy/deals/market/4:0
[ 1362846ms] [ERROR] Failed to load resource: the server responded with a status of 503 (Service Unavailable) @ http://localhost:4400/api/proxy/deals/market/3:0
[ 1362878ms] [ERROR] Failed to load resource: the server responded with a status of 503 (Service Unavailable) @ http://localhost:4400/api/proxy/deals/market/1:0
[ 1362879ms] [ERROR] Failed to load resource: the server responded with a status of 503 (Service Unavailable) @ http://localhost:4400/api/proxy/deals/market/7:0
[ 1362879ms] [ERROR] Failed to load resource: the server responded with a status of 503 (Service Unavailable) @ http://localhost:4400/api/proxy/deals/market/6:0
[ 2470622ms] [ERROR] Failed to load resource: net::ERR_CONNECTION_RESET @ http://10.0.1.101:8100/api/research/stats:0
[ 2470623ms] [ERROR] Failed to load resource: net::ERR_CONNECTION_RESET @ http://10.0.1.101:8100/api/research/stats:0
[ 2470624ms] [ERROR] Failed to load resource: the server responded with a status of 503 (Service Unavailable) @ http://localhost:4400/api/proxy/intel/items?limit=50:0
[ 2470655ms] [ERROR] Failed to load resource: net::ERR_CONNECTION_REFUSED @ http://10.0.1.101:8100/api/research/stats:0
[ 2470657ms] [ERROR] Failed to load resource: the server responded with a status of 503 (Service Unavailable) @ http://localhost:4400/api/proxy/deals/items?limit=50:0
[ 2470691ms] [ERROR] Failed to load resource: the server responded with a status of 503 (Service Unavailable) @ http://localhost:4400/api/proxy/intel/improvements:0
[ 2470725ms] [ERROR] Failed to load resource: the server responded with a status of 503 (Service Unavailable) @ http://localhost:4400/api/proxy/deals/hunts:0
[ 2470760ms] [ERROR] Failed to load resource: the server responded with a status of 503 (Service Unavailable) @ http://localhost:4400/api/proxy/intel/brief:0
[ 2470763ms] [ERROR] Failed to load resource: the server responded with a status of 503 (Service Unavailable) @ http://localhost:4400/api/proxy/deals/summary:0
[ 2470763ms] [ERROR] Failed to load resource: the server responded with a status of 503 (Service Unavailable) @ http://localhost:4400/api/proxy/deals/market/8:0
[ 2470764ms] [ERROR] Failed to load resource: the server responded with a status of 503 (Service Unavailable) @ http://localhost:4400/api/proxy/deals/market/9:0
[ 2470794ms] [ERROR] Failed to load resource: the server responded with a status of 503 (Service Unavailable) @ http://localhost:4400/api/proxy/deals/market/2:0
[ 2470797ms] [ERROR] Failed to load resource: the server responded with a status of 503 (Service Unavailable) @ http://localhost:4400/api/proxy/deals/market/5:0
[ 2470797ms] [ERROR] Failed to load resource: the server responded with a status of 503 (Service Unavailable) @ http://localhost:4400/api/proxy/deals/market/4:0
[ 2470798ms] [ERROR] Failed to load resource: the server responded with a status of 503 (Service Unavailable) @ http://localhost:4400/api/proxy/deals/market/3:0
[ 2470825ms] [ERROR] Failed to load resource: the server responded with a status of 503 (Service Unavailable) @ http://localhost:4400/api/proxy/deals/market/6:0
[ 2470830ms] [ERROR] Failed to load resource: the server responded with a status of 503 (Service Unavailable) @ http://localhost:4400/api/proxy/deals/market/1:0
[ 2470830ms] [ERROR] Failed to load resource: the server responded with a status of 503 (Service Unavailable) @ http://localhost:4400/api/proxy/deals/market/7:0
[ 2550097ms] [ERROR] Failed to load resource: the server responded with a status of 503 (Service Unavailable) @ http://localhost:4400/api/proxy/intel/items?limit=50:0
[ 2550112ms] [ERROR] Failed to load resource: net::ERR_CONNECTION_REFUSED @ http://10.0.1.101:8100/api/research/stats:0
[ 2550131ms] [ERROR] Failed to load resource: the server responded with a status of 503 (Service Unavailable) @ http://localhost:4400/api/proxy/deals/items?limit=50:0
[ 2550165ms] [ERROR] Failed to load resource: the server responded with a status of 503 (Service Unavailable) @ http://localhost:4400/api/proxy/intel/improvements:0
[ 2550201ms] [ERROR] Failed to load resource: the server responded with a status of 503 (Service Unavailable) @ http://localhost:4400/api/proxy/deals/hunts:0
[ 2550241ms] [ERROR] Failed to load resource: the server responded with a status of 503 (Service Unavailable) @ http://localhost:4400/api/proxy/deals/summary:0
[ 2550242ms] [ERROR] Failed to load resource: the server responded with a status of 503 (Service Unavailable) @ http://localhost:4400/api/proxy/intel/brief:0
[ 2550243ms] [ERROR] Failed to load resource: the server responded with a status of 503 (Service Unavailable) @ http://localhost:4400/api/proxy/deals/market/8:0
[ 2550244ms] [ERROR] Failed to load resource: the server responded with a status of 503 (Service Unavailable) @ http://localhost:4400/api/proxy/deals/market/9:0
[ 2550274ms] [ERROR] Failed to load resource: the server responded with a status of 503 (Service Unavailable) @ http://localhost:4400/api/proxy/deals/market/2:0
[ 2550275ms] [ERROR] Failed to load resource: the server responded with a status of 503 (Service Unavailable) @ http://localhost:4400/api/proxy/deals/market/4:0
[ 2550276ms] [ERROR] Failed to load resource: the server responded with a status of 503 (Service Unavailable) @ http://localhost:4400/api/proxy/deals/market/3:0
[ 2550277ms] [ERROR] Failed to load resource: the server responded with a status of 503 (Service Unavailable) @ http://localhost:4400/api/proxy/deals/market/5:0
[ 2550308ms] [ERROR] Failed to load resource: the server responded with a status of 503 (Service Unavailable) @ http://localhost:4400/api/proxy/deals/market/6:0
[ 2550309ms] [ERROR] Failed to load resource: the server responded with a status of 503 (Service Unavailable) @ http://localhost:4400/api/proxy/deals/market/1:0
[ 2550310ms] [ERROR] Failed to load resource: the server responded with a status of 503 (Service Unavailable) @ http://localhost:4400/api/proxy/deals/market/7:0
[ 2580093ms] [ERROR] Failed to load resource: the server responded with a status of 503 (Service Unavailable) @ http://localhost:4400/api/proxy/intel/items?limit=50:0
[ 2580112ms] [ERROR] Failed to load resource: net::ERR_CONNECTION_REFUSED @ http://10.0.1.101:8100/api/research/stats:0
[ 2580126ms] [ERROR] Failed to load resource: the server responded with a status of 503 (Service Unavailable) @ http://localhost:4400/api/proxy/deals/items?limit=50:0
[ 2580160ms] [ERROR] Failed to load resource: the server responded with a status of 503 (Service Unavailable) @ http://localhost:4400/api/proxy/intel/improvements:0
[ 2580194ms] [ERROR] Failed to load resource: the server responded with a status of 503 (Service Unavailable) @ http://localhost:4400/api/proxy/deals/hunts:0
[ 2580249ms] [ERROR] Failed to load resource: the server responded with a status of 503 (Service Unavailable) @ http://localhost:4400/api/proxy/deals/market/8:0
[ 2580250ms] [ERROR] Failed to load resource: the server responded with a status of 503 (Service Unavailable) @ http://localhost:4400/api/proxy/deals/market/9:0
[ 2580250ms] [ERROR] Failed to load resource: the server responded with a status of 503 (Service Unavailable) @ http://localhost:4400/api/proxy/deals/summary:0
[ 2580251ms] [ERROR] Failed to load resource: the server responded with a status of 503 (Service Unavailable) @ http://localhost:4400/api/proxy/intel/brief:0
[ 2580284ms] [ERROR] Failed to load resource: the server responded with a status of 503 (Service Unavailable) @ http://localhost:4400/api/proxy/deals/market/3:0
[ 2580285ms] [ERROR] Failed to load resource: the server responded with a status of 503 (Service Unavailable) @ http://localhost:4400/api/proxy/deals/market/2:0
[ 2580286ms] [ERROR] Failed to load resource: the server responded with a status of 503 (Service Unavailable) @ http://localhost:4400/api/proxy/deals/market/5:0
[ 2580287ms] [ERROR] Failed to load resource: the server responded with a status of 503 (Service Unavailable) @ http://localhost:4400/api/proxy/deals/market/4:0
[ 2580320ms] [ERROR] Failed to load resource: the server responded with a status of 503 (Service Unavailable) @ http://localhost:4400/api/proxy/deals/market/6:0
[ 2580321ms] [ERROR] Failed to load resource: the server responded with a status of 503 (Service Unavailable) @ http://localhost:4400/api/proxy/deals/market/1:0
[ 2580321ms] [ERROR] Failed to load resource: the server responded with a status of 503 (Service Unavailable) @ http://localhost:4400/api/proxy/deals/market/7:0
[ 2610094ms] [ERROR] Failed to load resource: the server responded with a status of 503 (Service Unavailable) @ http://localhost:4400/api/proxy/intel/items?limit=50:0
[ 2610112ms] [ERROR] Failed to load resource: net::ERR_CONNECTION_REFUSED @ http://10.0.1.101:8100/api/research/stats:0
[ 2610129ms] [ERROR] Failed to load resource: the server responded with a status of 503 (Service Unavailable) @ http://localhost:4400/api/proxy/deals/items?limit=50:0
[ 2610163ms] [ERROR] Failed to load resource: the server responded with a status of 503 (Service Unavailable) @ http://localhost:4400/api/proxy/intel/improvements:0
[ 2610197ms] [ERROR] Failed to load resource: the server responded with a status of 503 (Service Unavailable) @ http://localhost:4400/api/proxy/deals/hunts:0
[ 2610234ms] [ERROR] Failed to load resource: the server responded with a status of 503 (Service Unavailable) @ http://localhost:4400/api/proxy/intel/brief:0
[ 2610234ms] [ERROR] Failed to load resource: the server responded with a status of 503 (Service Unavailable) @ http://localhost:4400/api/proxy/deals/market/8:0
[ 2610235ms] [ERROR] Failed to load resource: the server responded with a status of 503 (Service Unavailable) @ http://localhost:4400/api/proxy/deals/market/9:0
[ 2610236ms] [ERROR] Failed to load resource: the server responded with a status of 503 (Service Unavailable) @ http://localhost:4400/api/proxy/deals/summary:0
[ 2610269ms] [ERROR] Failed to load resource: the server responded with a status of 503 (Service Unavailable) @ http://localhost:4400/api/proxy/deals/market/4:0
[ 2610269ms] [ERROR] Failed to load resource: the server responded with a status of 503 (Service Unavailable) @ http://localhost:4400/api/proxy/deals/market/3:0
[ 2610270ms] [ERROR] Failed to load resource: the server responded with a status of 503 (Service Unavailable) @ http://localhost:4400/api/proxy/deals/market/2:0
[ 2610270ms] [ERROR] Failed to load resource: the server responded with a status of 503 (Service Unavailable) @ http://localhost:4400/api/proxy/deals/market/5:0
[ 2610303ms] [ERROR] Failed to load resource: the server responded with a status of 503 (Service Unavailable) @ http://localhost:4400/api/proxy/deals/market/6:0
[ 2610303ms] [ERROR] Failed to load resource: the server responded with a status of 503 (Service Unavailable) @ http://localhost:4400/api/proxy/deals/market/1:0
[ 2610304ms] [ERROR] Failed to load resource: the server responded with a status of 503 (Service Unavailable) @ http://localhost:4400/api/proxy/deals/market/7:0
[ 2640093ms] [ERROR] Failed to load resource: the server responded with a status of 503 (Service Unavailable) @ http://localhost:4400/api/proxy/intel/items?limit=50:0
[ 2640111ms] [ERROR] Failed to load resource: net::ERR_CONNECTION_REFUSED @ http://10.0.1.101:8100/api/research/stats:0
[ 2640125ms] [ERROR] Failed to load resource: the server responded with a status of 503 (Service Unavailable) @ http://localhost:4400/api/proxy/deals/items?limit=50:0
[ 2640158ms] [ERROR] Failed to load resource: the server responded with a status of 503 (Service Unavailable) @ http://localhost:4400/api/proxy/intel/improvements:0
[ 2640191ms] [ERROR] Failed to load resource: the server responded with a status of 503 (Service Unavailable) @ http://localhost:4400/api/proxy/deals/hunts:0
[ 2640225ms] [ERROR] Failed to load resource: the server responded with a status of 503 (Service Unavailable) @ http://localhost:4400/api/proxy/deals/market/8:0
[ 2640225ms] [ERROR] Failed to load resource: the server responded with a status of 503 (Service Unavailable) @ http://localhost:4400/api/proxy/deals/market/9:0
[ 2640226ms] [ERROR] Failed to load resource: the server responded with a status of 503 (Service Unavailable) @ http://localhost:4400/api/proxy/deals/summary:0
[ 2640226ms] [ERROR] Failed to load resource: the server responded with a status of 503 (Service Unavailable) @ http://localhost:4400/api/proxy/intel/brief:0
[ 2640258ms] [ERROR] Failed to load resource: the server responded with a status of 503 (Service Unavailable) @ http://localhost:4400/api/proxy/deals/market/5:0
[ 2640258ms] [ERROR] Failed to load resource: the server responded with a status of 503 (Service Unavailable) @ http://localhost:4400/api/proxy/deals/market/4:0
[ 2640259ms] [ERROR] Failed to load resource: the server responded with a status of 503 (Service Unavailable) @ http://localhost:4400/api/proxy/deals/market/3:0
[ 2640259ms] [ERROR] Failed to load resource: the server responded with a status of 503 (Service Unavailable) @ http://localhost:4400/api/proxy/deals/market/2:0
[ 2640291ms] [ERROR] Failed to load resource: the server responded with a status of 503 (Service Unavailable) @ http://localhost:4400/api/proxy/deals/market/1:0
[ 2640291ms] [ERROR] Failed to load resource: the server responded with a status of 503 (Service Unavailable) @ http://localhost:4400/api/proxy/deals/market/7:0
[ 2640291ms] [ERROR] Failed to load resource: the server responded with a status of 503 (Service Unavailable) @ http://localhost:4400/api/proxy/deals/market/6:0
[ 2670097ms] [ERROR] Failed to load resource: the server responded with a status of 503 (Service Unavailable) @ http://localhost:4400/api/proxy/intel/items?limit=50:0
[ 2670113ms] [ERROR] Failed to load resource: net::ERR_CONNECTION_REFUSED @ http://10.0.1.101:8100/api/research/stats:0
[ 2670131ms] [ERROR] Failed to load resource: the server responded with a status of 503 (Service Unavailable) @ http://localhost:4400/api/proxy/deals/items?limit=50:0
[ 2670165ms] [ERROR] Failed to load resource: the server responded with a status of 503 (Service Unavailable) @ http://localhost:4400/api/proxy/intel/improvements:0
[ 2670199ms] [ERROR] Failed to load resource: the server responded with a status of 503 (Service Unavailable) @ http://localhost:4400/api/proxy/deals/hunts:0
[ 2670235ms] [ERROR] Failed to load resource: the server responded with a status of 503 (Service Unavailable) @ http://localhost:4400/api/proxy/intel/brief:0
[ 2670236ms] [ERROR] Failed to load resource: the server responded with a status of 503 (Service Unavailable) @ http://localhost:4400/api/proxy/deals/market/8:0
[ 2670236ms] [ERROR] Failed to load resource: the server responded with a status of 503 (Service Unavailable) @ http://localhost:4400/api/proxy/deals/market/9:0
[ 2670237ms] [ERROR] Failed to load resource: the server responded with a status of 503 (Service Unavailable) @ http://localhost:4400/api/proxy/deals/summary:0
[ 2670271ms] [ERROR] Failed to load resource: the server responded with a status of 503 (Service Unavailable) @ http://localhost:4400/api/proxy/deals/market/5:0
[ 2670272ms] [ERROR] Failed to load resource: the server responded with a status of 503 (Service Unavailable) @ http://localhost:4400/api/proxy/deals/market/4:0
[ 2670272ms] [ERROR] Failed to load resource: the server responded with a status of 503 (Service Unavailable) @ http://localhost:4400/api/proxy/deals/market/3:0
[ 2670273ms] [ERROR] Failed to load resource: the server responded with a status of 503 (Service Unavailable) @ http://localhost:4400/api/proxy/deals/market/2:0
[ 2670305ms] [ERROR] Failed to load resource: the server responded with a status of 503 (Service Unavailable) @ http://localhost:4400/api/proxy/deals/market/1:0
[ 2670305ms] [ERROR] Failed to load resource: the server responded with a status of 503 (Service Unavailable) @ http://localhost:4400/api/proxy/deals/market/7:0
[ 2670306ms] [ERROR] Failed to load resource: the server responded with a status of 503 (Service Unavailable) @ http://localhost:4400/api/proxy/deals/market/6:0
[ 2700095ms] [ERROR] Failed to load resource: the server responded with a status of 503 (Service Unavailable) @ http://localhost:4400/api/proxy/intel/items?limit=50:0
[ 2700113ms] [ERROR] Failed to load resource: net::ERR_CONNECTION_REFUSED @ http://10.0.1.101:8100/api/research/stats:0
[ 2700129ms] [ERROR] Failed to load resource: the server responded with a status of 503 (Service Unavailable) @ http://localhost:4400/api/proxy/deals/items?limit=50:0
[ 2700161ms] [ERROR] Failed to load resource: the server responded with a status of 503 (Service Unavailable) @ http://localhost:4400/api/proxy/intel/improvements:0
[ 2700194ms] [ERROR] Failed to load resource: the server responded with a status of 503 (Service Unavailable) @ http://localhost:4400/api/proxy/deals/hunts:0
[ 2700232ms] [ERROR] Failed to load resource: the server responded with a status of 503 (Service Unavailable) @ http://localhost:4400/api/proxy/deals/summary:0
[ 2700233ms] [ERROR] Failed to load resource: the server responded with a status of 503 (Service Unavailable) @ http://localhost:4400/api/proxy/intel/brief:0
[ 2700233ms] [ERROR] Failed to load resource: the server responded with a status of 503 (Service Unavailable) @ http://localhost:4400/api/proxy/deals/market/8:0
[ 2700233ms] [ERROR] Failed to load resource: the server responded with a status of 503 (Service Unavailable) @ http://localhost:4400/api/proxy/deals/market/9:0
[ 2700265ms] [ERROR] Failed to load resource: the server responded with a status of 503 (Service Unavailable) @ http://localhost:4400/api/proxy/deals/market/3:0
[ 2700265ms] [ERROR] Failed to load resource: the server responded with a status of 503 (Service Unavailable) @ http://localhost:4400/api/proxy/deals/market/2:0
[ 2700266ms] [ERROR] Failed to load resource: the server responded with a status of 503 (Service Unavailable) @ http://localhost:4400/api/proxy/deals/market/5:0
[ 2700267ms] [ERROR] Failed to load resource: the server responded with a status of 503 (Service Unavailable) @ http://localhost:4400/api/proxy/deals/market/4:0
[ 2700298ms] [ERROR] Failed to load resource: the server responded with a status of 503 (Service Unavailable) @ http://localhost:4400/api/proxy/deals/market/7:0
[ 2700298ms] [ERROR] Failed to load resource: the server responded with a status of 503 (Service Unavailable) @ http://localhost:4400/api/proxy/deals/market/6:0
[ 2700298ms] [ERROR] Failed to load resource: the server responded with a status of 503 (Service Unavailable) @ http://localhost:4400/api/proxy/deals/market/1:0
[ 2730099ms] [ERROR] Failed to load resource: the server responded with a status of 503 (Service Unavailable) @ http://localhost:4400/api/proxy/intel/items?limit=50:0
[ 2730113ms] [ERROR] Failed to load resource: net::ERR_CONNECTION_REFUSED @ http://10.0.1.101:8100/api/research/stats:0
[ 2730133ms] [ERROR] Failed to load resource: the server responded with a status of 503 (Service Unavailable) @ http://localhost:4400/api/proxy/deals/items?limit=50:0
[ 2730168ms] [ERROR] Failed to load resource: the server responded with a status of 503 (Service Unavailable) @ http://localhost:4400/api/proxy/intel/improvements:0
[ 2730202ms] [ERROR] Failed to load resource: the server responded with a status of 503 (Service Unavailable) @ http://localhost:4400/api/proxy/deals/hunts:0
[ 2730241ms] [ERROR] Failed to load resource: the server responded with a status of 503 (Service Unavailable) @ http://localhost:4400/api/proxy/deals/market/8:0
[ 2730241ms] [ERROR] Failed to load resource: the server responded with a status of 503 (Service Unavailable) @ http://localhost:4400/api/proxy/deals/market/9:0
[ 2730242ms] [ERROR] Failed to load resource: the server responded with a status of 503 (Service Unavailable) @ http://localhost:4400/api/proxy/deals/summary:0
[ 2730242ms] [ERROR] Failed to load resource: the server responded with a status of 503 (Service Unavailable) @ http://localhost:4400/api/proxy/intel/brief:0
[ 2730274ms] [ERROR] Failed to load resource: the server responded with a status of 503 (Service Unavailable) @ http://localhost:4400/api/proxy/deals/market/4:0
[ 2730275ms] [ERROR] Failed to load resource: the server responded with a status of 503 (Service Unavailable) @ http://localhost:4400/api/proxy/deals/market/3:0
[ 2730275ms] [ERROR] Failed to load resource: the server responded with a status of 503 (Service Unavailable) @ http://localhost:4400/api/proxy/deals/market/2:0
[ 2730276ms] [ERROR] Failed to load resource: the server responded with a status of 503 (Service Unavailable) @ http://localhost:4400/api/proxy/deals/market/5:0
[ 2730308ms] [ERROR] Failed to load resource: the server responded with a status of 503 (Service Unavailable) @ http://localhost:4400/api/proxy/deals/market/6:0
[ 2730309ms] [ERROR] Failed to load resource: the server responded with a status of 503 (Service Unavailable) @ http://localhost:4400/api/proxy/deals/market/1:0
[ 2730309ms] [ERROR] Failed to load resource: the server responded with a status of 503 (Service Unavailable) @ http://localhost:4400/api/proxy/deals/market/7:0
[ 2760096ms] [ERROR] Failed to load resource: the server responded with a status of 503 (Service Unavailable) @ http://localhost:4400/api/proxy/intel/items?limit=50:0
[ 2760113ms] [ERROR] Failed to load resource: net::ERR_CONNECTION_REFUSED @ http://10.0.1.101:8100/api/research/stats:0
[ 2760130ms] [ERROR] Failed to load resource: the server responded with a status of 503 (Service Unavailable) @ http://localhost:4400/api/proxy/deals/items?limit=50:0
[ 2760164ms] [ERROR] Failed to load resource: the server responded with a status of 503 (Service Unavailable) @ http://localhost:4400/api/proxy/intel/improvements:0
[ 2760200ms] [ERROR] Failed to load resource: the server responded with a status of 503 (Service Unavailable) @ http://localhost:4400/api/proxy/deals/hunts:0
[ 2760238ms] [ERROR] Failed to load resource: the server responded with a status of 503 (Service Unavailable) @ http://localhost:4400/api/proxy/intel/brief:0
[ 2760238ms] [ERROR] Failed to load resource: the server responded with a status of 503 (Service Unavailable) @ http://localhost:4400/api/proxy/deals/market/8:0
[ 2760239ms] [ERROR] Failed to load resource: the server responded with a status of 503 (Service Unavailable) @ http://localhost:4400/api/proxy/deals/market/9:0
[ 2760240ms] [ERROR] Failed to load resource: the server responded with a status of 503 (Service Unavailable) @ http://localhost:4400/api/proxy/deals/summary:0
[ 2760272ms] [ERROR] Failed to load resource: the server responded with a status of 503 (Service Unavailable) @ http://localhost:4400/api/proxy/deals/market/2:0
[ 2760273ms] [ERROR] Failed to load resource: the server responded with a status of 503 (Service Unavailable) @ http://localhost:4400/api/proxy/deals/market/3:0
[ 2760275ms] [ERROR] Failed to load resource: the server responded with a status of 503 (Service Unavailable) @ http://localhost:4400/api/proxy/deals/market/5:0
[ 2760276ms] [ERROR] Failed to load resource: the server responded with a status of 503 (Service Unavailable) @ http://localhost:4400/api/proxy/deals/market/4:0
[ 2760306ms] [ERROR] Failed to load resource: the server responded with a status of 503 (Service Unavailable) @ http://localhost:4400/api/proxy/deals/market/6:0
[ 2760308ms] [ERROR] Failed to load resource: the server responded with a status of 503 (Service Unavailable) @ http://localhost:4400/api/proxy/deals/market/7:0
[ 2760309ms] [ERROR] Failed to load resource: the server responded with a status of 503 (Service Unavailable) @ http://localhost:4400/api/proxy/deals/market/1:0
[ 2790095ms] [ERROR] Failed to load resource: the server responded with a status of 503 (Service Unavailable) @ http://localhost:4400/api/proxy/intel/items?limit=50:0
[ 2790112ms] [ERROR] Failed to load resource: net::ERR_CONNECTION_REFUSED @ http://10.0.1.101:8100/api/research/stats:0
[ 2790129ms] [ERROR] Failed to load resource: the server responded with a status of 503 (Service Unavailable) @ http://localhost:4400/api/proxy/deals/items?limit=50:0
[ 2790162ms] [ERROR] Failed to load resource: the server responded with a status of 503 (Service Unavailable) @ http://localhost:4400/api/proxy/intel/improvements:0
[ 2790197ms] [ERROR] Failed to load resource: the server responded with a status of 503 (Service Unavailable) @ http://localhost:4400/api/proxy/deals/hunts:0
[ 2790234ms] [ERROR] Failed to load resource: the server responded with a status of 503 (Service Unavailable) @ http://localhost:4400/api/proxy/intel/brief:0
[ 2790235ms] [ERROR] Failed to load resource: the server responded with a status of 503 (Service Unavailable) @ http://localhost:4400/api/proxy/deals/market/8:0
[ 2790237ms] [ERROR] Failed to load resource: the server responded with a status of 503 (Service Unavailable) @ http://localhost:4400/api/proxy/deals/market/9:0
[ 2790237ms] [ERROR] Failed to load resource: the server responded with a status of 503 (Service Unavailable) @ http://localhost:4400/api/proxy/deals/summary:0
[ 2790269ms] [ERROR] Failed to load resource: the server responded with a status of 503 (Service Unavailable) @ http://localhost:4400/api/proxy/deals/market/2:0
[ 2790270ms] [ERROR] Failed to load resource: the server responded with a status of 503 (Service Unavailable) @ http://localhost:4400/api/proxy/deals/market/4:0
[ 2790270ms] [ERROR] Failed to load resource: the server responded with a status of 503 (Service Unavailable) @ http://localhost:4400/api/proxy/deals/market/3:0
[ 2790272ms] [ERROR] Failed to load resource: the server responded with a status of 503 (Service Unavailable) @ http://localhost:4400/api/proxy/deals/market/5:0
[ 2790303ms] [ERROR] Failed to load resource: the server responded with a status of 503 (Service Unavailable) @ http://localhost:4400/api/proxy/deals/market/6:0
[ 2790304ms] [ERROR] Failed to load resource: the server responded with a status of 503 (Service Unavailable) @ http://localhost:4400/api/proxy/deals/market/1:0
[ 2790304ms] [ERROR] Failed to load resource: the server responded with a status of 503 (Service Unavailable) @ http://localhost:4400/api/proxy/deals/market/7:0
[ 2820097ms] [ERROR] Failed to load resource: the server responded with a status of 503 (Service Unavailable) @ http://localhost:4400/api/proxy/intel/items?limit=50:0
[ 2820111ms] [ERROR] Failed to load resource: net::ERR_CONNECTION_REFUSED @ http://10.0.1.101:8100/api/research/stats:0
[ 2820131ms] [ERROR] Failed to load resource: the server responded with a status of 503 (Service Unavailable) @ http://localhost:4400/api/proxy/deals/items?limit=50:0
[ 2820163ms] [ERROR] Failed to load resource: the server responded with a status of 503 (Service Unavailable) @ http://localhost:4400/api/proxy/intel/improvements:0
[ 2820196ms] [ERROR] Failed to load resource: the server responded with a status of 503 (Service Unavailable) @ http://localhost:4400/api/proxy/deals/hunts:0
[ 2820231ms] [ERROR] Failed to load resource: the server responded with a status of 503 (Service Unavailable) @ http://localhost:4400/api/proxy/deals/summary:0
[ 2820231ms] [ERROR] Failed to load resource: the server responded with a status of 503 (Service Unavailable) @ http://localhost:4400/api/proxy/intel/brief:0
[ 2820232ms] [ERROR] Failed to load resource: the server responded with a status of 503 (Service Unavailable) @ http://localhost:4400/api/proxy/deals/market/8:0
[ 2820233ms] [ERROR] Failed to load resource: the server responded with a status of 503 (Service Unavailable) @ http://localhost:4400/api/proxy/deals/market/9:0
[ 2820264ms] [ERROR] Failed to load resource: the server responded with a status of 503 (Service Unavailable) @ http://localhost:4400/api/proxy/deals/market/3:0
[ 2820264ms] [ERROR] Failed to load resource: the server responded with a status of 503 (Service Unavailable) @ http://localhost:4400/api/proxy/deals/market/2:0
[ 2820265ms] [ERROR] Failed to load resource: the server responded with a status of 503 (Service Unavailable) @ http://localhost:4400/api/proxy/deals/market/5:0
[ 2820266ms] [ERROR] Failed to load resource: the server responded with a status of 503 (Service Unavailable) @ http://localhost:4400/api/proxy/deals/market/4:0
[ 2820297ms] [ERROR] Failed to load resource: the server responded with a status of 503 (Service Unavailable) @ http://localhost:4400/api/proxy/deals/market/6:0
[ 2820298ms] [ERROR] Failed to load resource: the server responded with a status of 503 (Service Unavailable) @ http://localhost:4400/api/proxy/deals/market/1:0
[ 2820298ms] [ERROR] Failed to load resource: the server responded with a status of 503 (Service Unavailable) @ http://localhost:4400/api/proxy/deals/market/7:0
[10920183ms] [ERROR] Failed to load resource: net::ERR_CONNECTION_REFUSED @ http://localhost:4400/api/proxy/deals/summary:0
[10920183ms] [ERROR] Failed to load resource: net::ERR_CONNECTION_REFUSED @ http://localhost:4400/api/proxy/deals/market/9:0
[10920183ms] [ERROR] Failed to load resource: net::ERR_CONNECTION_REFUSED @ http://localhost:4400/api/proxy/deals/market/8:0
[10920183ms] [ERROR] Failed to load resource: net::ERR_CONNECTION_REFUSED @ http://localhost:4400/api/proxy/deals/market/2:0
[10920183ms] [ERROR] Failed to load resource: net::ERR_CONNECTION_REFUSED @ http://localhost:4400/api/proxy/deals/market/3:0
[10920183ms] [ERROR] Failed to load resource: net::ERR_CONNECTION_REFUSED @ http://localhost:4400/api/proxy/deals/market/4:0
[10920183ms] [ERROR] Failed to load resource: net::ERR_CONNECTION_REFUSED @ http://localhost:4400/api/proxy/deals/market/5:0
[10920183ms] [ERROR] Failed to load resource: net::ERR_CONNECTION_REFUSED @ http://localhost:4400/api/proxy/deals/market/6:0
[10920183ms] [ERROR] Failed to load resource: net::ERR_CONNECTION_REFUSED @ http://localhost:4400/api/proxy/deals/market/7:0
[10920184ms] [ERROR] Failed to load resource: net::ERR_CONNECTION_REFUSED @ http://localhost:4400/api/proxy/deals/market/1:0
[11110095ms] [ERROR] Failed to load resource: net::ERR_CONNECTION_REFUSED @ http://localhost:4400/api/health:0
[11110096ms] [ERROR] Failed to load resource: net::ERR_CONNECTION_REFUSED @ http://localhost:4400/api/registry:0
[11115091ms] [ERROR] Failed to load resource: net::ERR_CONNECTION_REFUSED @ http://localhost:4400/api/sessions:0
[11115094ms] [ERROR] Failed to load resource: net::ERR_CONNECTION_REFUSED @ http://localhost:4400/api/usage:0
[11119492ms] [ERROR] Failed to load resource: net::ERR_CONNECTION_REFUSED @ http://localhost:4400/api/proxy/intel/items?limit=50:0
[11119492ms] [ERROR] Failed to load resource: net::ERR_INCOMPLETE_CHUNKED_ENCODING @ http://localhost:4400/api/events/stream:0
[11119493ms] [ERROR] Failed to load resource: net::ERR_INCOMPLETE_CHUNKED_ENCODING @ http://localhost:4400/api/events/stream:0
[11119493ms] [ERROR] Failed to load resource: net::ERR_CONNECTION_REFUSED @ http://localhost:4400/api/proxy/deals/items?limit=50:0
[11119493ms] [ERROR] Failed to load resource: net::ERR_CONNECTION_REFUSED @ http://localhost:4400/api/proxy/intel/improvements:0
[11119494ms] [ERROR] Failed to load resource: net::ERR_CONNECTION_REFUSED @ http://localhost:4400/api/proxy/deals/hunts:0
[11119503ms] [ERROR] Failed to load resource: net::ERR_CONNECTION_REFUSED @ http://localhost:4400/api/proxy/intel/brief:0
[11119503ms] [ERROR] Failed to load resource: net::ERR_CONNECTION_REFUSED @ http://localhost:4400/api/proxy/deals/summary:0
[11119503ms] [ERROR] Failed to load resource: net::ERR_CONNECTION_REFUSED @ http://localhost:4400/api/proxy/deals/market/9:0
[11119503ms] [ERROR] Failed to load resource: net::ERR_CONNECTION_REFUSED @ http://localhost:4400/api/proxy/deals/market/8:0
[11119503ms] [ERROR] Failed to load resource: net::ERR_CONNECTION_REFUSED @ http://localhost:4400/api/proxy/deals/market/2:0
[11119503ms] [ERROR] Failed to load resource: net::ERR_CONNECTION_REFUSED @ http://localhost:4400/api/proxy/deals/market/3:0
[11119503ms] [ERROR] Failed to load resource: net::ERR_CONNECTION_REFUSED @ http://localhost:4400/api/proxy/deals/market/4:0
[11119503ms] [ERROR] Failed to load resource: net::ERR_CONNECTION_REFUSED @ http://localhost:4400/api/proxy/deals/market/5:0
[11119503ms] [ERROR] Failed to load resource: net::ERR_CONNECTION_REFUSED @ http://localhost:4400/api/proxy/deals/market/6:0
[11119503ms] [ERROR] Failed to load resource: net::ERR_CONNECTION_REFUSED @ http://localhost:4400/api/proxy/deals/market/7:0
[11119503ms] [ERROR] Failed to load resource: net::ERR_CONNECTION_REFUSED @ http://localhost:4400/api/proxy/deals/market/1:0
[11120094ms] [ERROR] Failed to load resource: net::ERR_CONNECTION_REFUSED @ http://localhost:4400/api/health:0
[11120094ms] [ERROR] Failed to load resource: net::ERR_CONNECTION_REFUSED @ http://localhost:4400/api/registry:0
[11122494ms] [ERROR] Failed to load resource: net::ERR_CONNECTION_REFUSED @ http://localhost:4400/api/events/stream:0
[11122494ms] [ERROR] Failed to load resource: net::ERR_CONNECTION_REFUSED @ http://localhost:4400/api/events/stream:0
