[      68ms] [ERROR] Failed to load resource: the server responded with a status of 503 (Service Unavailable) @ http://localhost:4400/api/proxy/intel/items?limit=50:0
[      68ms] [ERROR] Failed to load resource: the server responded with a status of 503 (Service Unavailable) @ http://localhost:4400/api/proxy/deals/items?limit=50:0
[      68ms] [ERROR] Failed to load resource: the server responded with a status of 503 (Service Unavailable) @ http://localhost:4400/api/proxy/deals/hunts:0
[      70ms] [ERROR] Failed to load resource: the server responded with a status of 503 (Service Unavailable) @ http://localhost:4400/api/proxy/intel/alerts:0
[      70ms] [ERROR] Failed to load resource: the server responded with a status of 503 (Service Unavailable) @ http://localhost:4400/api/proxy/intel/improvements:0
[     100ms] [ERROR] Failed to load resource: the server responded with a status of 503 (Service Unavailable) @ http://localhost:4400/api/proxy/deals/items?limit=50:0
[     101ms] [ERROR] Failed to load resource: the server responded with a status of 503 (Service Unavailable) @ http://localhost:4400/api/proxy/deals/hunts:0
[     101ms] [ERROR] Failed to load resource: the server responded with a status of 503 (Service Unavailable) @ http://localhost:4400/api/proxy/intel/items?limit=50:0
[     135ms] [ERROR] Failed to load resource: the server responded with a status of 503 (Service Unavailable) @ http://localhost:4400/api/proxy/intel/brief:0
[   30664ms] [ERROR] Failed to load resource: the server responded with a status of 404 (Not Found) @ http://localhost:4400/api/proxy/intel/brief:0
[   60072ms] [ERROR] Failed to load resource: the server responded with a status of 503 (Service Unavailable) @ http://localhost:4400/api/proxy/intel/items?limit=50:0
[   60073ms] [ERROR] Failed to load resource: the server responded with a status of 503 (Service Unavailable) @ http://localhost:4400/api/proxy/deals/hunts:0
[   60073ms] [ERROR] Failed to load resource: the server responded with a status of 503 (Service Unavailable) @ http://localhost:4400/api/proxy/intel/alerts:0
[   60075ms] [ERROR] Failed to load resource: the server responded with a status of 503 (Service Unavailable) @ http://localhost:4400/api/proxy/deals/items?limit=50:0
[   60081ms] [ERROR] Failed to load resource: the server responded with a status of 503 (Service Unavailable) @ http://localhost:4400/api/proxy/intel/improvements:0
[   60106ms] [ERROR] Failed to load resource: the server responded with a status of 503 (Service Unavailable) @ http://localhost:4400/api/proxy/deals/hunts:0
[   60107ms] [ERROR] Failed to load resource: the server responded with a status of 503 (Service Unavailable) @ http://localhost:4400/api/proxy/intel/items?limit=50:0
[   60107ms] [ERROR] Failed to load resource: the server responded with a status of 503 (Service Unavailable) @ http://localhost:4400/api/proxy/deals/items?limit=50:0
[   60140ms] [ERROR] Failed to load resource: the server responded with a status of 503 (Service Unavailable) @ http://localhost:4400/api/proxy/intel/brief:0
[   90070ms] [ERROR] Failed to load resource: the server responded with a status of 503 (Service Unavailable) @ http://localhost:4400/api/proxy/intel/items?limit=50:0
[   90071ms] [ERROR] Failed to load resource: the server responded with a status of 503 (Service Unavailable) @ http://localhost:4400/api/proxy/deals/hunts:0
[   90071ms] [ERROR] Failed to load resource: the server responded with a status of 503 (Service Unavailable) @ http://localhost:4400/api/proxy/intel/alerts:0
[   90073ms] [ERROR] Failed to load resource: the server responded with a status of 503 (Service Unavailable) @ http://localhost:4400/api/proxy/deals/items?limit=50:0
[   90074ms] [ERROR] Failed to load resource: the server responded with a status of 503 (Service Unavailable) @ http://localhost:4400/api/proxy/intel/improvements:0
[   90105ms] [ERROR] Failed to load resource: the server responded with a status of 503 (Service Unavailable) @ http://localhost:4400/api/proxy/deals/items?limit=50:0
[   90106ms] [ERROR] Failed to load resource: the server responded with a status of 503 (Service Unavailable) @ http://localhost:4400/api/proxy/deals/hunts:0
[   90106ms] [ERROR] Failed to load resource: the server responded with a status of 503 (Service Unavailable) @ http://localhost:4400/api/proxy/intel/items?limit=50:0
[   90140ms] [ERROR] Failed to load resource: the server responded with a status of 503 (Service Unavailable) @ http://localhost:4400/api/proxy/intel/brief:0
[  120059ms] [ERROR] Failed to load resource: the server responded with a status of 404 (Not Found) @ http://localhost:4400/api/proxy/intel/brief:0
[  150071ms] [ERROR] Failed to load resource: the server responded with a status of 503 (Service Unavailable) @ http://localhost:4400/api/proxy/intel/items?limit=50:0
[  150071ms] [ERROR] Failed to load resource: the server responded with a status of 503 (Service Unavailable) @ http://localhost:4400/api/proxy/intel/alerts:0
[  150072ms] [ERROR] Failed to load resource: the server responded with a status of 503 (Service Unavailable) @ http://localhost:4400/api/proxy/deals/hunts:0
[  150073ms] [ERROR] Failed to load resource: the server responded with a status of 503 (Service Unavailable) @ http://localhost:4400/api/proxy/deals/items?limit=50:0
[  150074ms] [ERROR] Failed to load resource: the server responded with a status of 503 (Service Unavailable) @ http://localhost:4400/api/proxy/intel/improvements:0
[  150105ms] [ERROR] Failed to load resource: the server responded with a status of 503 (Service Unavailable) @ http://localhost:4400/api/proxy/deals/hunts:0
[  150105ms] [ERROR] Failed to load resource: the server responded with a status of 503 (Service Unavailable) @ http://localhost:4400/api/proxy/intel/items?limit=50:0
[  150106ms] [ERROR] Failed to load resource: the server responded with a status of 503 (Service Unavailable) @ http://localhost:4400/api/proxy/deals/items?limit=50:0
[  150139ms] [ERROR] Failed to load resource: the server responded with a status of 503 (Service Unavailable) @ http://localhost:4400/api/proxy/intel/brief:0
[  180059ms] [ERROR] Failed to load resource: the server responded with a status of 404 (Not Found) @ http://localhost:4400/api/proxy/intel/brief:0
[  210084ms] [ERROR] Failed to load resource: the server responded with a status of 404 (Not Found) @ http://localhost:4400/api/proxy/intel/brief:0
[  240069ms] [ERROR] Failed to load resource: the server responded with a status of 404 (Not Found) @ http://localhost:4400/api/proxy/intel/brief:0
[  270092ms] [ERROR] Failed to load resource: the server responded with a status of 404 (Not Found) @ http://localhost:4400/api/proxy/intel/brief:0
[  300071ms] [ERROR] Failed to load resource: the server responded with a status of 503 (Service Unavailable) @ http://localhost:4400/api/proxy/intel/alerts:0
[  300071ms] [ERROR] Failed to load resource: the server responded with a status of 503 (Service Unavailable) @ http://localhost:4400/api/proxy/deals/hunts:0
[  300072ms] [ERROR] Failed to load resource: the server responded with a status of 503 (Service Unavailable) @ http://localhost:4400/api/proxy/intel/items?limit=50:0
[  300073ms] [ERROR] Failed to load resource: the server responded with a status of 503 (Service Unavailable) @ http://localhost:4400/api/proxy/deals/items?limit=50:0
[  300078ms] [ERROR] Failed to load resource: the server responded with a status of 503 (Service Unavailable) @ http://localhost:4400/api/proxy/intel/improvements:0
[  300107ms] [ERROR] Failed to load resource: the server responded with a status of 503 (Service Unavailable) @ http://localhost:4400/api/proxy/deals/items?limit=50:0
[  300107ms] [ERROR] Failed to load resource: the server responded with a status of 503 (Service Unavailable) @ http://localhost:4400/api/proxy/intel/items?limit=50:0
[  300107ms] [ERROR] Failed to load resource: the server responded with a status of 503 (Service Unavailable) @ http://localhost:4400/api/proxy/deals/hunts:0
[  300142ms] [ERROR] Failed to load resource: the server responded with a status of 503 (Service Unavailable) @ http://localhost:4400/api/proxy/intel/brief:0
[  330072ms] [ERROR] Failed to load resource: the server responded with a status of 503 (Service Unavailable) @ http://localhost:4400/api/proxy/deals/hunts:0
[  330073ms] [ERROR] Failed to load resource: the server responded with a status of 503 (Service Unavailable) @ http://localhost:4400/api/proxy/intel/items?limit=50:0
[  330074ms] [ERROR] Failed to load resource: the server responded with a status of 503 (Service Unavailable) @ http://localhost:4400/api/proxy/intel/alerts:0
[  330075ms] [ERROR] Failed to load resource: the server responded with a status of 503 (Service Unavailable) @ http://localhost:4400/api/proxy/deals/items?limit=50:0
[  330077ms] [ERROR] Failed to load resource: the server responded with a status of 503 (Service Unavailable) @ http://localhost:4400/api/proxy/intel/improvements:0
[  330107ms] [ERROR] Failed to load resource: the server responded with a status of 503 (Service Unavailable) @ http://localhost:4400/api/proxy/deals/hunts:0
[  330108ms] [ERROR] Failed to load resource: the server responded with a status of 503 (Service Unavailable) @ http://localhost:4400/api/proxy/intel/items?limit=50:0
[  330109ms] [ERROR] Failed to load resource: the server responded with a status of 503 (Service Unavailable) @ http://localhost:4400/api/proxy/deals/items?limit=50:0
[  330142ms] [ERROR] Failed to load resource: the server responded with a status of 503 (Service Unavailable) @ http://localhost:4400/api/proxy/intel/brief:0
[  360123ms] [ERROR] Failed to load resource: the server responded with a status of 404 (Not Found) @ http://localhost:4400/api/proxy/intel/brief:0
[  390069ms] [ERROR] Failed to load resource: the server responded with a status of 503 (Service Unavailable) @ http://localhost:4400/api/proxy/intel/alerts:0
[  390069ms] [ERROR] Failed to load resource: the server responded with a status of 503 (Service Unavailable) @ http://localhost:4400/api/proxy/deals/hunts:0
[  390069ms] [ERROR] Failed to load resource: the server responded with a status of 503 (Service Unavailable) @ http://localhost:4400/api/proxy/intel/items?limit=50:0
[  390070ms] [ERROR] Failed to load resource: the server responded with a status of 503 (Service Unavailable) @ http://localhost:4400/api/proxy/deals/items?limit=50:0
[  390072ms] [ERROR] Failed to load resource: the server responded with a status of 503 (Service Unavailable) @ http://localhost:4400/api/proxy/intel/improvements:0
[  390103ms] [ERROR] Failed to load resource: the server responded with a status of 503 (Service Unavailable) @ http://localhost:4400/api/proxy/deals/items?limit=50:0
[  390103ms] [ERROR] Failed to load resource: the server responded with a status of 503 (Service Unavailable) @ http://localhost:4400/api/proxy/intel/items?limit=50:0
[  390104ms] [ERROR] Failed to load resource: the server responded with a status of 503 (Service Unavailable) @ http://localhost:4400/api/proxy/deals/hunts:0
[  390137ms] [ERROR] Failed to load resource: the server responded with a status of 503 (Service Unavailable) @ http://localhost:4400/api/proxy/intel/brief:0
[  420072ms] [ERROR] Failed to load resource: the server responded with a status of 503 (Service Unavailable) @ http://localhost:4400/api/proxy/intel/alerts:0
[  420073ms] [ERROR] Failed to load resource: the server responded with a status of 503 (Service Unavailable) @ http://localhost:4400/api/proxy/deals/hunts:0
[  420074ms] [ERROR] Failed to load resource: the server responded with a status of 503 (Service Unavailable) @ http://localhost:4400/api/proxy/intel/items?limit=50:0
[  420075ms] [ERROR] Failed to load resource: the server responded with a status of 503 (Service Unavailable) @ http://localhost:4400/api/proxy/deals/items?limit=50:0
[  420082ms] [ERROR] Failed to load resource: the server responded with a status of 503 (Service Unavailable) @ http://localhost:4400/api/proxy/intel/improvements:0
[  420108ms] [ERROR] Failed to load resource: the server responded with a status of 503 (Service Unavailable) @ http://localhost:4400/api/proxy/deals/items?limit=50:0
[  420108ms] [ERROR] Failed to load resource: the server responded with a status of 503 (Service Unavailable) @ http://localhost:4400/api/proxy/intel/items?limit=50:0
[  420109ms] [ERROR] Failed to load resource: the server responded with a status of 503 (Service Unavailable) @ http://localhost:4400/api/proxy/deals/hunts:0
[  420142ms] [ERROR] Failed to load resource: the server responded with a status of 503 (Service Unavailable) @ http://localhost:4400/api/proxy/intel/brief:0
[  450115ms] [ERROR] Failed to load resource: the server responded with a status of 404 (Not Found) @ http://localhost:4400/api/proxy/intel/brief:0
[  480068ms] [ERROR] Failed to load resource: the server responded with a status of 503 (Service Unavailable) @ http://localhost:4400/api/proxy/deals/items?limit=50:0
[  480069ms] [ERROR] Failed to load resource: the server responded with a status of 503 (Service Unavailable) @ http://localhost:4400/api/proxy/intel/alerts:0
[  480069ms] [ERROR] Failed to load resource: the server responded with a status of 503 (Service Unavailable) @ http://localhost:4400/api/proxy/intel/items?limit=50:0
[  480070ms] [ERROR] Failed to load resource: the server responded with a status of 503 (Service Unavailable) @ http://localhost:4400/api/proxy/deals/hunts:0
[  480071ms] [ERROR] Failed to load resource: the server responded with a status of 503 (Service Unavailable) @ http://localhost:4400/api/proxy/intel/improvements:0
[  480104ms] [ERROR] Failed to load resource: the server responded with a status of 503 (Service Unavailable) @ http://localhost:4400/api/proxy/deals/hunts:0
[  480104ms] [ERROR] Failed to load resource: the server responded with a status of 503 (Service Unavailable) @ http://localhost:4400/api/proxy/intel/items?limit=50:0
[  480104ms] [ERROR] Failed to load resource: the server responded with a status of 503 (Service Unavailable) @ http://localhost:4400/api/proxy/deals/items?limit=50:0
[  480139ms] [ERROR] Failed to load resource: the server responded with a status of 503 (Service Unavailable) @ http://localhost:4400/api/proxy/intel/brief:0
[  510071ms] [ERROR] Failed to load resource: the server responded with a status of 503 (Service Unavailable) @ http://localhost:4400/api/proxy/intel/alerts:0
[  510071ms] [ERROR] Failed to load resource: the server responded with a status of 503 (Service Unavailable) @ http://localhost:4400/api/proxy/intel/items?limit=50:0
[  510072ms] [ERROR] Failed to load resource: the server responded with a status of 503 (Service Unavailable) @ http://localhost:4400/api/proxy/deals/hunts:0
[  510073ms] [ERROR] Failed to load resource: the server responded with a status of 503 (Service Unavailable) @ http://localhost:4400/api/proxy/deals/items?limit=50:0
[  510074ms] [ERROR] Failed to load resource: the server responded with a status of 503 (Service Unavailable) @ http://localhost:4400/api/proxy/intel/improvements:0
[  510105ms] [ERROR] Failed to load resource: the server responded with a status of 503 (Service Unavailable) @ http://localhost:4400/api/proxy/deals/items?limit=50:0
[  510106ms] [ERROR] Failed to load resource: the server responded with a status of 503 (Service Unavailable) @ http://localhost:4400/api/proxy/deals/hunts:0
[  510106ms] [ERROR] Failed to load resource: the server responded with a status of 503 (Service Unavailable) @ http://localhost:4400/api/proxy/intel/items?limit=50:0
[  510139ms] [ERROR] Failed to load resource: the server responded with a status of 503 (Service Unavailable) @ http://localhost:4400/api/proxy/intel/brief:0
[  540086ms] [ERROR] Failed to load resource: the server responded with a status of 404 (Not Found) @ http://localhost:4400/api/proxy/intel/brief:0
[  570105ms] [ERROR] Failed to load resource: the server responded with a status of 404 (Not Found) @ http://localhost:4400/api/proxy/intel/brief:0
[  600146ms] [ERROR] Failed to load resource: the server responded with a status of 404 (Not Found) @ http://localhost:4400/api/proxy/intel/brief:0
[  630073ms] [ERROR] Failed to load resource: the server responded with a status of 404 (Not Found) @ http://localhost:4400/api/proxy/intel/brief:0
[  660072ms] [ERROR] Failed to load resource: the server responded with a status of 503 (Service Unavailable) @ http://localhost:4400/api/proxy/deals/hunts:0
[  660073ms] [ERROR] Failed to load resource: the server responded with a status of 503 (Service Unavailable) @ http://localhost:4400/api/proxy/intel/items?limit=50:0
[  660074ms] [ERROR] Failed to load resource: the server responded with a status of 503 (Service Unavailable) @ http://localhost:4400/api/proxy/intel/alerts:0
[  660075ms] [ERROR] Failed to load resource: the server responded with a status of 503 (Service Unavailable) @ http://localhost:4400/api/proxy/deals/items?limit=50:0
[  660078ms] [ERROR] Failed to load resource: the server responded with a status of 503 (Service Unavailable) @ http://localhost:4400/api/proxy/intel/improvements:0
[  660107ms] [ERROR] Failed to load resource: the server responded with a status of 503 (Service Unavailable) @ http://localhost:4400/api/proxy/deals/items?limit=50:0
[  660108ms] [ERROR] Failed to load resource: the server responded with a status of 503 (Service Unavailable) @ http://localhost:4400/api/proxy/intel/items?limit=50:0
[  660108ms] [ERROR] Failed to load resource: the server responded with a status of 503 (Service Unavailable) @ http://localhost:4400/api/proxy/deals/hunts:0
[  660143ms] [ERROR] Failed to load resource: the server responded with a status of 503 (Service Unavailable) @ http://localhost:4400/api/proxy/intel/brief:0
[  690752ms] [ERROR] Failed to load resource: the server responded with a status of 404 (Not Found) @ http://localhost:4400/api/proxy/intel/brief:0
[  720071ms] [ERROR] Failed to load resource: the server responded with a status of 503 (Service Unavailable) @ http://localhost:4400/api/proxy/intel/alerts:0
[  720072ms] [ERROR] Failed to load resource: the server responded with a status of 503 (Service Unavailable) @ http://localhost:4400/api/proxy/deals/hunts:0
[  720073ms] [ERROR] Failed to load resource: the server responded with a status of 503 (Service Unavailable) @ http://localhost:4400/api/proxy/intel/items?limit=50:0
[  720074ms] [ERROR] Failed to load resource: the server responded with a status of 503 (Service Unavailable) @ http://localhost:4400/api/proxy/deals/items?limit=50:0
[  720077ms] [ERROR] Failed to load resource: the server responded with a status of 503 (Service Unavailable) @ http://localhost:4400/api/proxy/intel/improvements:0
[  720107ms] [ERROR] Failed to load resource: the server responded with a status of 503 (Service Unavailable) @ http://localhost:4400/api/proxy/deals/items?limit=50:0
[  720108ms] [ERROR] Failed to load resource: the server responded with a status of 503 (Service Unavailable) @ http://localhost:4400/api/proxy/intel/items?limit=50:0
[  720108ms] [ERROR] Failed to load resource: the server responded with a status of 503 (Service Unavailable) @ http://localhost:4400/api/proxy/deals/hunts:0
[  720143ms] [ERROR] Failed to load resource: the server responded with a status of 503 (Service Unavailable) @ http://localhost:4400/api/proxy/intel/brief:0
[  750071ms] [ERROR] Failed to load resource: the server responded with a status of 503 (Service Unavailable) @ http://localhost:4400/api/proxy/intel/alerts:0
[  750072ms] [ERROR] Failed to load resource: the server responded with a status of 503 (Service Unavailable) @ http://localhost:4400/api/proxy/intel/items?limit=50:0
[  750072ms] [ERROR] Failed to load resource: the server responded with a status of 503 (Service Unavailable) @ http://localhost:4400/api/proxy/deals/hunts:0
[  750073ms] [ERROR] Failed to load resource: the server responded with a status of 503 (Service Unavailable) @ http://localhost:4400/api/proxy/deals/items?limit=50:0
[  750074ms] [ERROR] Failed to load resource: the server responded with a status of 503 (Service Unavailable) @ http://localhost:4400/api/proxy/intel/improvements:0
[  750106ms] [ERROR] Failed to load resource: the server responded with a status of 503 (Service Unavailable) @ http://localhost:4400/api/proxy/deals/items?limit=50:0
[  750106ms] [ERROR] Failed to load resource: the server responded with a status of 503 (Service Unavailable) @ http://localhost:4400/api/proxy/deals/hunts:0
[  750107ms] [ERROR] Failed to load resource: the server responded with a status of 503 (Service Unavailable) @ http://localhost:4400/api/proxy/intel/items?limit=50:0
[  750141ms] [ERROR] Failed to load resource: the server responded with a status of 503 (Service Unavailable) @ http://localhost:4400/api/proxy/intel/brief:0
[  780061ms] [ERROR] Failed to load resource: the server responded with a status of 404 (Not Found) @ http://localhost:4400/api/proxy/intel/brief:0
[  810075ms] [ERROR] Failed to load resource: the server responded with a status of 503 (Service Unavailable) @ http://localhost:4400/api/proxy/intel/alerts:0
[  810076ms] [ERROR] Failed to load resource: the server responded with a status of 503 (Service Unavailable) @ http://localhost:4400/api/proxy/deals/hunts:0
[  810076ms] [ERROR] Failed to load resource: the server responded with a status of 503 (Service Unavailable) @ http://localhost:4400/api/proxy/intel/items?limit=50:0
[  810078ms] [ERROR] Failed to load resource: the server responded with a status of 503 (Service Unavailable) @ http://localhost:4400/api/proxy/deals/items?limit=50:0
[  810079ms] [ERROR] Failed to load resource: the server responded with a status of 503 (Service Unavailable) @ http://localhost:4400/api/proxy/intel/improvements:0
[  810110ms] [ERROR] Failed to load resource: the server responded with a status of 503 (Service Unavailable) @ http://localhost:4400/api/proxy/deals/items?limit=50:0
[  810110ms] [ERROR] Failed to load resource: the server responded with a status of 503 (Service Unavailable) @ http://localhost:4400/api/proxy/intel/items?limit=50:0
[  810110ms] [ERROR] Failed to load resource: the server responded with a status of 503 (Service Unavailable) @ http://localhost:4400/api/proxy/deals/hunts:0
[  810144ms] [ERROR] Failed to load resource: the server responded with a status of 503 (Service Unavailable) @ http://localhost:4400/api/proxy/intel/brief:0
[  840073ms] [ERROR] Failed to load resource: the server responded with a status of 503 (Service Unavailable) @ http://localhost:4400/api/proxy/intel/alerts:0
[  840073ms] [ERROR] Failed to load resource: the server responded with a status of 503 (Service Unavailable) @ http://localhost:4400/api/proxy/deals/hunts:0
[  840074ms] [ERROR] Failed to load resource: the server responded with a status of 503 (Service Unavailable) @ http://localhost:4400/api/proxy/intel/items?limit=50:0
[  840075ms] [ERROR] Failed to load resource: the server responded with a status of 503 (Service Unavailable) @ http://localhost:4400/api/proxy/deals/items?limit=50:0
[  840078ms] [ERROR] Failed to load resource: the server responded with a status of 503 (Service Unavailable) @ http://localhost:4400/api/proxy/intel/improvements:0
[  840108ms] [ERROR] Failed to load resource: the server responded with a status of 503 (Service Unavailable) @ http://localhost:4400/api/proxy/intel/items?limit=50:0
[  840108ms] [ERROR] Failed to load resource: the server responded with a status of 503 (Service Unavailable) @ http://localhost:4400/api/proxy/deals/hunts:0
[  840109ms] [ERROR] Failed to load resource: the server responded with a status of 503 (Service Unavailable) @ http://localhost:4400/api/proxy/deals/items?limit=50:0
[  840145ms] [ERROR] Failed to load resource: the server responded with a status of 503 (Service Unavailable) @ http://localhost:4400/api/proxy/intel/brief:0
[  870099ms] [ERROR] Failed to load resource: the server responded with a status of 404 (Not Found) @ http://localhost:4400/api/proxy/intel/brief:0
[  900077ms] [ERROR] Failed to load resource: the server responded with a status of 404 (Not Found) @ http://localhost:4400/api/proxy/intel/brief:0
[  930072ms] [ERROR] Failed to load resource: the server responded with a status of 404 (Not Found) @ http://localhost:4400/api/proxy/intel/brief:0
[  960156ms] [ERROR] Failed to load resource: the server responded with a status of 404 (Not Found) @ http://localhost:4400/api/proxy/intel/brief:0
[  990138ms] [ERROR] Failed to load resource: the server responded with a status of 404 (Not Found) @ http://localhost:4400/api/proxy/intel/brief:0
[ 1020077ms] [ERROR] Failed to load resource: the server responded with a status of 404 (Not Found) @ http://localhost:4400/api/proxy/intel/brief:0
[ 1050045ms] [ERROR] Failed to load resource: the server responded with a status of 503 (Service Unavailable) @ http://localhost:4400/api/proxy/deals/hunts:0
[ 1050045ms] [ERROR] Failed to load resource: the server responded with a status of 503 (Service Unavailable) @ http://localhost:4400/api/proxy/intel/items?limit=50:0
[ 1050047ms] [ERROR] Failed to load resource: the server responded with a status of 503 (Service Unavailable) @ http://localhost:4400/api/proxy/intel/alerts:0
[ 1050048ms] [ERROR] Failed to load resource: the server responded with a status of 503 (Service Unavailable) @ http://localhost:4400/api/proxy/deals/items?limit=50:0
[ 1050049ms] [ERROR] Failed to load resource: the server responded with a status of 503 (Service Unavailable) @ http://localhost:4400/api/proxy/intel/improvements:0
[ 1050050ms] [ERROR] Failed to load resource: the server responded with a status of 503 (Service Unavailable) @ http://localhost:4400/api/proxy/deals/hunts:0
[ 1050050ms] [ERROR] Failed to load resource: the server responded with a status of 503 (Service Unavailable) @ http://localhost:4400/api/proxy/intel/items?limit=50:0
[ 1050051ms] [ERROR] Failed to load resource: the server responded with a status of 503 (Service Unavailable) @ http://localhost:4400/api/proxy/deals/items?limit=50:0
[ 1050054ms] [ERROR] Failed to load resource: the server responded with a status of 503 (Service Unavailable) @ http://localhost:4400/api/proxy/intel/brief:0
[ 1080044ms] [ERROR] Failed to load resource: the server responded with a status of 503 (Service Unavailable) @ http://localhost:4400/api/proxy/deals/hunts:0
[ 1080045ms] [ERROR] Failed to load resource: the server responded with a status of 503 (Service Unavailable) @ http://localhost:4400/api/proxy/intel/items?limit=50:0
[ 1080046ms] [ERROR] Failed to load resource: the server responded with a status of 503 (Service Unavailable) @ http://localhost:4400/api/proxy/intel/alerts:0
[ 1080049ms] [ERROR] Failed to load resource: the server responded with a status of 503 (Service Unavailable) @ http://localhost:4400/api/proxy/deals/items?limit=50:0
[ 1080051ms] [ERROR] Failed to load resource: the server responded with a status of 503 (Service Unavailable) @ http://localhost:4400/api/proxy/intel/improvements:0
[ 1080052ms] [ERROR] Failed to load resource: the server responded with a status of 503 (Service Unavailable) @ http://localhost:4400/api/proxy/intel/items?limit=50:0
[ 1080052ms] [ERROR] Failed to load resource: the server responded with a status of 503 (Service Unavailable) @ http://localhost:4400/api/proxy/deals/hunts:0
[ 1080053ms] [ERROR] Failed to load resource: the server responded with a status of 503 (Service Unavailable) @ http://localhost:4400/api/proxy/deals/items?limit=50:0
[ 1080057ms] [ERROR] Failed to load resource: the server responded with a status of 503 (Service Unavailable) @ http://localhost:4400/api/proxy/intel/brief:0
[ 1110159ms] [ERROR] Failed to load resource: the server responded with a status of 404 (Not Found) @ http://localhost:4400/api/proxy/intel/brief:0
[ 1140045ms] [ERROR] Failed to load resource: the server responded with a status of 503 (Service Unavailable) @ http://localhost:4400/api/proxy/deals/hunts:0
[ 1140045ms] [ERROR] Failed to load resource: the server responded with a status of 503 (Service Unavailable) @ http://localhost:4400/api/proxy/intel/items?limit=50:0
[ 1140048ms] [ERROR] Failed to load resource: the server responded with a status of 503 (Service Unavailable) @ http://localhost:4400/api/proxy/intel/alerts:0
[ 1140050ms] [ERROR] Failed to load resource: the server responded with a status of 503 (Service Unavailable) @ http://localhost:4400/api/proxy/deals/items?limit=50:0
[ 1140052ms] [ERROR] Failed to load resource: the server responded with a status of 503 (Service Unavailable) @ http://localhost:4400/api/proxy/intel/improvements:0
[ 1140053ms] [ERROR] Failed to load resource: the server responded with a status of 503 (Service Unavailable) @ http://localhost:4400/api/proxy/intel/items?limit=50:0
[ 1140053ms] [ERROR] Failed to load resource: the server responded with a status of 503 (Service Unavailable) @ http://localhost:4400/api/proxy/deals/hunts:0
[ 1140054ms] [ERROR] Failed to load resource: the server responded with a status of 503 (Service Unavailable) @ http://localhost:4400/api/proxy/deals/items?limit=50:0
[ 1140058ms] [ERROR] Failed to load resource: the server responded with a status of 503 (Service Unavailable) @ http://localhost:4400/api/proxy/intel/brief:0
[ 1170045ms] [ERROR] Failed to load resource: the server responded with a status of 503 (Service Unavailable) @ http://localhost:4400/api/proxy/deals/hunts:0
[ 1170045ms] [ERROR] Failed to load resource: the server responded with a status of 503 (Service Unavailable) @ http://localhost:4400/api/proxy/intel/items?limit=50:0
[ 1170047ms] [ERROR] Failed to load resource: the server responded with a status of 503 (Service Unavailable) @ http://localhost:4400/api/proxy/intel/alerts:0
[ 1170049ms] [ERROR] Failed to load resource: the server responded with a status of 503 (Service Unavailable) @ http://localhost:4400/api/proxy/deals/items?limit=50:0
[ 1170050ms] [ERROR] Failed to load resource: the server responded with a status of 503 (Service Unavailable) @ http://localhost:4400/api/proxy/intel/improvements:0
[ 1170050ms] [ERROR] Failed to load resource: the server responded with a status of 503 (Service Unavailable) @ http://localhost:4400/api/proxy/deals/hunts:0
[ 1170051ms] [ERROR] Failed to load resource: the server responded with a status of 503 (Service Unavailable) @ http://localhost:4400/api/proxy/intel/items?limit=50:0
[ 1170051ms] [ERROR] Failed to load resource: the server responded with a status of 503 (Service Unavailable) @ http://localhost:4400/api/proxy/deals/items?limit=50:0
[ 1170054ms] [ERROR] Failed to load resource: the server responded with a status of 503 (Service Unavailable) @ http://localhost:4400/api/proxy/intel/brief:0
[ 1200058ms] [ERROR] Failed to load resource: the server responded with a status of 404 (Not Found) @ http://localhost:4400/api/proxy/intel/brief:0
[ 1230043ms] [ERROR] Failed to load resource: the server responded with a status of 503 (Service Unavailable) @ http://localhost:4400/api/proxy/deals/hunts:0
[ 1230043ms] [ERROR] Failed to load resource: the server responded with a status of 503 (Service Unavailable) @ http://localhost:4400/api/proxy/intel/items?limit=50:0
[ 1230044ms] [ERROR] Failed to load resource: the server responded with a status of 503 (Service Unavailable) @ http://localhost:4400/api/proxy/intel/alerts:0
[ 1230046ms] [ERROR] Failed to load resource: the server responded with a status of 503 (Service Unavailable) @ http://localhost:4400/api/proxy/deals/items?limit=50:0
[ 1230047ms] [ERROR] Failed to load resource: the server responded with a status of 503 (Service Unavailable) @ http://localhost:4400/api/proxy/intel/improvements:0
[ 1230048ms] [ERROR] Failed to load resource: the server responded with a status of 503 (Service Unavailable) @ http://localhost:4400/api/proxy/intel/items?limit=50:0
[ 1230048ms] [ERROR] Failed to load resource: the server responded with a status of 503 (Service Unavailable) @ http://localhost:4400/api/proxy/deals/hunts:0
[ 1230048ms] [ERROR] Failed to load resource: the server responded with a status of 503 (Service Unavailable) @ http://localhost:4400/api/proxy/deals/items?limit=50:0
[ 1230051ms] [ERROR] Failed to load resource: the server responded with a status of 503 (Service Unavailable) @ http://localhost:4400/api/proxy/intel/brief:0
[ 1260044ms] [ERROR] Failed to load resource: the server responded with a status of 503 (Service Unavailable) @ http://localhost:4400/api/proxy/deals/hunts:0
[ 1260045ms] [ERROR] Failed to load resource: the server responded with a status of 503 (Service Unavailable) @ http://localhost:4400/api/proxy/intel/items?limit=50:0
[ 1260046ms] [ERROR] Failed to load resource: the server responded with a status of 503 (Service Unavailable) @ http://localhost:4400/api/proxy/intel/alerts:0
[ 1260049ms] [ERROR] Failed to load resource: the server responded with a status of 503 (Service Unavailable) @ http://localhost:4400/api/proxy/deals/items?limit=50:0
[ 1260050ms] [ERROR] Failed to load resource: the server responded with a status of 503 (Service Unavailable) @ http://localhost:4400/api/proxy/intel/improvements:0
[ 1260050ms] [ERROR] Failed to load resource: the server responded with a status of 503 (Service Unavailable) @ http://localhost:4400/api/proxy/intel/items?limit=50:0
[ 1260051ms] [ERROR] Failed to load resource: the server responded with a status of 503 (Service Unavailable) @ http://localhost:4400/api/proxy/deals/hunts:0
[ 1260051ms] [ERROR] Failed to load resource: the server responded with a status of 503 (Service Unavailable) @ http://localhost:4400/api/proxy/deals/items?limit=50:0
[ 1260055ms] [ERROR] Failed to load resource: the server responded with a status of 503 (Service Unavailable) @ http://localhost:4400/api/proxy/intel/brief:0
[ 1290060ms] [ERROR] Failed to load resource: the server responded with a status of 404 (Not Found) @ http://localhost:4400/api/proxy/intel/brief:0
[ 1320111ms] [ERROR] Failed to load resource: the server responded with a status of 404 (Not Found) @ http://localhost:4400/api/proxy/intel/brief:0
[ 1350075ms] [ERROR] Failed to load resource: the server responded with a status of 503 (Service Unavailable) @ http://localhost:4400/api/proxy/deals/items?limit=50:0
[ 1350076ms] [ERROR] Failed to load resource: the server responded with a status of 503 (Service Unavailable) @ http://localhost:4400/api/proxy/intel/alerts:0
[ 1350076ms] [ERROR] Failed to load resource: the server responded with a status of 503 (Service Unavailable) @ http://localhost:4400/api/proxy/intel/items?limit=50:0
[ 1350079ms] [ERROR] Failed to load resource: the server responded with a status of 503 (Service Unavailable) @ http://localhost:4400/api/proxy/deals/hunts:0
[ 1350085ms] [ERROR] Failed to load resource: the server responded with a status of 503 (Service Unavailable) @ http://localhost:4400/api/proxy/intel/improvements:0
[ 1350110ms] [ERROR] Failed to load resource: the server responded with a status of 503 (Service Unavailable) @ http://localhost:4400/api/proxy/intel/items?limit=50:0
[ 1350110ms] [ERROR] Failed to load resource: the server responded with a status of 503 (Service Unavailable) @ http://localhost:4400/api/proxy/deals/items?limit=50:0
[ 1350112ms] [ERROR] Failed to load resource: the server responded with a status of 503 (Service Unavailable) @ http://localhost:4400/api/proxy/deals/hunts:0
[ 1350146ms] [ERROR] Failed to load resource: the server responded with a status of 503 (Service Unavailable) @ http://localhost:4400/api/proxy/intel/brief:0
[ 1380143ms] [ERROR] Failed to load resource: the server responded with a status of 503 (Service Unavailable) @ http://localhost:4400/api/proxy/intel/improvements:0
[ 1380143ms] [ERROR] Failed to load resource: the server responded with a status of 503 (Service Unavailable) @ http://localhost:4400/api/proxy/deals/items?limit=50:0
[ 1380144ms] [ERROR] Failed to load resource: the server responded with a status of 503 (Service Unavailable) @ http://localhost:4400/api/proxy/intel/alerts:0
[ 1380144ms] [ERROR] Failed to load resource: the server responded with a status of 503 (Service Unavailable) @ http://localhost:4400/api/proxy/intel/items?limit=50:0
[ 1380145ms] [ERROR] Failed to load resource: the server responded with a status of 503 (Service Unavailable) @ http://localhost:4400/api/proxy/deals/hunts:0
[ 1380178ms] [ERROR] Failed to load resource: the server responded with a status of 503 (Service Unavailable) @ http://localhost:4400/api/proxy/deals/hunts:0
[ 1380179ms] [ERROR] Failed to load resource: the server responded with a status of 503 (Service Unavailable) @ http://localhost:4400/api/proxy/intel/items?limit=50:0
[ 1380179ms] [ERROR] Failed to load resource: the server responded with a status of 503 (Service Unavailable) @ http://localhost:4400/api/proxy/deals/items?limit=50:0
[ 1380217ms] [ERROR] Failed to load resource: the server responded with a status of 503 (Service Unavailable) @ http://localhost:4400/api/proxy/intel/brief:0
[ 1410073ms] [ERROR] Failed to load resource: the server responded with a status of 503 (Service Unavailable) @ http://localhost:4400/api/proxy/deals/items?limit=50:0
[ 1410073ms] [ERROR] Failed to load resource: the server responded with a status of 503 (Service Unavailable) @ http://localhost:4400/api/proxy/intel/alerts:0
[ 1410074ms] [ERROR] Failed to load resource: the server responded with a status of 503 (Service Unavailable) @ http://localhost:4400/api/proxy/deals/hunts:0
[ 1410075ms] [ERROR] Failed to load resource: the server responded with a status of 503 (Service Unavailable) @ http://localhost:4400/api/proxy/intel/items?limit=50:0
[ 1410077ms] [ERROR] Failed to load resource: the server responded with a status of 503 (Service Unavailable) @ http://localhost:4400/api/proxy/intel/improvements:0
[ 1410109ms] [ERROR] Failed to load resource: the server responded with a status of 503 (Service Unavailable) @ http://localhost:4400/api/proxy/intel/items?limit=50:0
[ 1410109ms] [ERROR] Failed to load resource: the server responded with a status of 503 (Service Unavailable) @ http://localhost:4400/api/proxy/deals/hunts:0
[ 1410110ms] [ERROR] Failed to load resource: the server responded with a status of 503 (Service Unavailable) @ http://localhost:4400/api/proxy/deals/items?limit=50:0
[ 1410143ms] [ERROR] Failed to load resource: the server responded with a status of 503 (Service Unavailable) @ http://localhost:4400/api/proxy/intel/brief:0
[ 1440514ms] [ERROR] Failed to load resource: the server responded with a status of 404 (Not Found) @ http://localhost:4400/api/proxy/intel/brief:0
[ 1470079ms] [ERROR] Failed to load resource: the server responded with a status of 503 (Service Unavailable) @ http://localhost:4400/api/proxy/intel/alerts:0
[ 1470079ms] [ERROR] Failed to load resource: the server responded with a status of 503 (Service Unavailable) @ http://localhost:4400/api/proxy/intel/items?limit=50:0
[ 1470080ms] [ERROR] Failed to load resource: the server responded with a status of 503 (Service Unavailable) @ http://localhost:4400/api/proxy/deals/hunts:0
[ 1470080ms] [ERROR] Failed to load resource: the server responded with a status of 503 (Service Unavailable) @ http://localhost:4400/api/proxy/deals/items?limit=50:0
[ 1470082ms] [ERROR] Failed to load resource: the server responded with a status of 503 (Service Unavailable) @ http://localhost:4400/api/proxy/intel/improvements:0
[ 1470113ms] [ERROR] Failed to load resource: the server responded with a status of 503 (Service Unavailable) @ http://localhost:4400/api/proxy/intel/items?limit=50:0
[ 1470113ms] [ERROR] Failed to load resource: the server responded with a status of 503 (Service Unavailable) @ http://localhost:4400/api/proxy/deals/items?limit=50:0
[ 1470114ms] [ERROR] Failed to load resource: the server responded with a status of 503 (Service Unavailable) @ http://localhost:4400/api/proxy/deals/hunts:0
[ 1470151ms] [ERROR] Failed to load resource: the server responded with a status of 503 (Service Unavailable) @ http://localhost:4400/api/proxy/intel/brief:0
[ 1500074ms] [ERROR] Failed to load resource: the server responded with a status of 503 (Service Unavailable) @ http://localhost:4400/api/proxy/deals/items?limit=50:0
[ 1500074ms] [ERROR] Failed to load resource: the server responded with a status of 503 (Service Unavailable) @ http://localhost:4400/api/proxy/intel/alerts:0
[ 1500075ms] [ERROR] Failed to load resource: the server responded with a status of 503 (Service Unavailable) @ http://localhost:4400/api/proxy/intel/items?limit=50:0
[ 1500076ms] [ERROR] Failed to load resource: the server responded with a status of 503 (Service Unavailable) @ http://localhost:4400/api/proxy/deals/hunts:0
[ 1500079ms] [ERROR] Failed to load resource: the server responded with a status of 503 (Service Unavailable) @ http://localhost:4400/api/proxy/intel/improvements:0
[ 1500110ms] [ERROR] Failed to load resource: the server responded with a status of 503 (Service Unavailable) @ http://localhost:4400/api/proxy/deals/hunts:0
[ 1500110ms] [ERROR] Failed to load resource: the server responded with a status of 503 (Service Unavailable) @ http://localhost:4400/api/proxy/intel/items?limit=50:0
[ 1500111ms] [ERROR] Failed to load resource: the server responded with a status of 503 (Service Unavailable) @ http://localhost:4400/api/proxy/deals/items?limit=50:0
[ 1500148ms] [ERROR] Failed to load resource: the server responded with a status of 503 (Service Unavailable) @ http://localhost:4400/api/proxy/intel/brief:0
[ 1530058ms] [ERROR] Failed to load resource: the server responded with a status of 404 (Not Found) @ http://localhost:4400/api/proxy/intel/brief:0
[ 1560076ms] [ERROR] Failed to load resource: the server responded with a status of 503 (Service Unavailable) @ http://localhost:4400/api/proxy/intel/items?limit=50:0
[ 1560077ms] [ERROR] Failed to load resource: the server responded with a status of 503 (Service Unavailable) @ http://localhost:4400/api/proxy/deals/hunts:0
[ 1560078ms] [ERROR] Failed to load resource: the server responded with a status of 503 (Service Unavailable) @ http://localhost:4400/api/proxy/deals/items?limit=50:0
[ 1560079ms] [ERROR] Failed to load resource: the server responded with a status of 503 (Service Unavailable) @ http://localhost:4400/api/proxy/intel/alerts:0
[ 1560086ms] [ERROR] Failed to load resource: the server responded with a status of 503 (Service Unavailable) @ http://localhost:4400/api/proxy/intel/improvements:0
[ 1560113ms] [ERROR] Failed to load resource: the server responded with a status of 503 (Service Unavailable) @ http://localhost:4400/api/proxy/deals/items?limit=50:0
[ 1560114ms] [ERROR] Failed to load resource: the server responded with a status of 503 (Service Unavailable) @ http://localhost:4400/api/proxy/deals/hunts:0
[ 1560114ms] [ERROR] Failed to load resource: the server responded with a status of 503 (Service Unavailable) @ http://localhost:4400/api/proxy/intel/items?limit=50:0
[ 1560149ms] [ERROR] Failed to load resource: the server responded with a status of 503 (Service Unavailable) @ http://localhost:4400/api/proxy/intel/brief:0
[ 1590079ms] [ERROR] Failed to load resource: the server responded with a status of 503 (Service Unavailable) @ http://localhost:4400/api/proxy/deals/items?limit=50:0
[ 1590079ms] [ERROR] Failed to load resource: the server responded with a status of 503 (Service Unavailable) @ http://localhost:4400/api/proxy/intel/alerts:0
[ 1590080ms] [ERROR] Failed to load resource: the server responded with a status of 503 (Service Unavailable) @ http://localhost:4400/api/proxy/deals/hunts:0
[ 1590084ms] [ERROR] Failed to load resource: the server responded with a status of 503 (Service Unavailable) @ http://localhost:4400/api/proxy/intel/items?limit=50:0
[ 1590085ms] [ERROR] Failed to load resource: the server responded with a status of 503 (Service Unavailable) @ http://localhost:4400/api/proxy/intel/improvements:0
[ 1590183ms] [ERROR] Failed to load resource: the server responded with a status of 503 (Service Unavailable) @ http://localhost:4400/api/proxy/intel/items?limit=50:0
[ 1590183ms] [ERROR] Failed to load resource: the server responded with a status of 503 (Service Unavailable) @ http://localhost:4400/api/proxy/deals/hunts:0
[ 1590184ms] [ERROR] Failed to load resource: the server responded with a status of 503 (Service Unavailable) @ http://localhost:4400/api/proxy/deals/items?limit=50:0
[ 1590218ms] [ERROR] Failed to load resource: the server responded with a status of 503 (Service Unavailable) @ http://localhost:4400/api/proxy/intel/brief:0
[ 1620086ms] [ERROR] Failed to load resource: the server responded with a status of 404 (Not Found) @ http://localhost:4400/api/proxy/intel/brief:0
[ 1650083ms] [ERROR] Failed to load resource: the server responded with a status of 404 (Not Found) @ http://localhost:4400/api/proxy/intel/brief:0
[ 1680117ms] [ERROR] Failed to load resource: the server responded with a status of 404 (Not Found) @ http://localhost:4400/api/proxy/intel/brief:0
[ 1710193ms] [ERROR] Failed to load resource: the server responded with a status of 404 (Not Found) @ http://localhost:4400/api/proxy/intel/brief:0
[ 1740077ms] [ERROR] Failed to load resource: the server responded with a status of 503 (Service Unavailable) @ http://localhost:4400/api/proxy/intel/alerts:0
[ 1740078ms] [ERROR] Failed to load resource: the server responded with a status of 503 (Service Unavailable) @ http://localhost:4400/api/proxy/intel/items?limit=50:0
[ 1740080ms] [ERROR] Failed to load resource: the server responded with a status of 503 (Service Unavailable) @ http://localhost:4400/api/proxy/deals/hunts:0
[ 1740080ms] [ERROR] Failed to load resource: the server responded with a status of 503 (Service Unavailable) @ http://localhost:4400/api/proxy/deals/items?limit=50:0
[ 1740087ms] [ERROR] Failed to load resource: the server responded with a status of 503 (Service Unavailable) @ http://localhost:4400/api/proxy/intel/improvements:0
[ 1740111ms] [ERROR] Failed to load resource: the server responded with a status of 503 (Service Unavailable) @ http://localhost:4400/api/proxy/deals/items?limit=50:0
[ 1740111ms] [ERROR] Failed to load resource: the server responded with a status of 503 (Service Unavailable) @ http://localhost:4400/api/proxy/intel/items?limit=50:0
[ 1740112ms] [ERROR] Failed to load resource: the server responded with a status of 503 (Service Unavailable) @ http://localhost:4400/api/proxy/deals/hunts:0
[ 1740146ms] [ERROR] Failed to load resource: the server responded with a status of 503 (Service Unavailable) @ http://localhost:4400/api/proxy/intel/brief:0
[ 1770097ms] [ERROR] Failed to load resource: the server responded with a status of 404 (Not Found) @ http://localhost:4400/api/proxy/intel/brief:0
[ 1800074ms] [ERROR] Failed to load resource: the server responded with a status of 503 (Service Unavailable) @ http://localhost:4400/api/proxy/deals/hunts:0
[ 1800074ms] [ERROR] Failed to load resource: the server responded with a status of 503 (Service Unavailable) @ http://localhost:4400/api/proxy/intel/items?limit=50:0
[ 1800076ms] [ERROR] Failed to load resource: the server responded with a status of 503 (Service Unavailable) @ http://localhost:4400/api/proxy/deals/items?limit=50:0
[ 1800076ms] [ERROR] Failed to load resource: the server responded with a status of 503 (Service Unavailable) @ http://localhost:4400/api/proxy/intel/alerts:0
[ 1800078ms] [ERROR] Failed to load resource: the server responded with a status of 503 (Service Unavailable) @ http://localhost:4400/api/proxy/intel/improvements:0
[ 1800107ms] [ERROR] Failed to load resource: the server responded with a status of 503 (Service Unavailable) @ http://localhost:4400/api/proxy/deals/items?limit=50:0
[ 1800108ms] [ERROR] Failed to load resource: the server responded with a status of 503 (Service Unavailable) @ http://localhost:4400/api/proxy/intel/items?limit=50:0
[ 1800108ms] [ERROR] Failed to load resource: the server responded with a status of 503 (Service Unavailable) @ http://localhost:4400/api/proxy/deals/hunts:0
[ 1800141ms] [ERROR] Failed to load resource: the server responded with a status of 503 (Service Unavailable) @ http://localhost:4400/api/proxy/intel/brief:0
[ 1830074ms] [ERROR] Failed to load resource: the server responded with a status of 503 (Service Unavailable) @ http://localhost:4400/api/proxy/intel/items?limit=50:0
[ 1830074ms] [ERROR] Failed to load resource: the server responded with a status of 503 (Service Unavailable) @ http://localhost:4400/api/proxy/deals/hunts:0
[ 1830075ms] [ERROR] Failed to load resource: the server responded with a status of 503 (Service Unavailable) @ http://localhost:4400/api/proxy/intel/alerts:0
[ 1830076ms] [ERROR] Failed to load resource: the server responded with a status of 503 (Service Unavailable) @ http://localhost:4400/api/proxy/deals/items?limit=50:0
[ 1830077ms] [ERROR] Failed to load resource: the server responded with a status of 503 (Service Unavailable) @ http://localhost:4400/api/proxy/intel/improvements:0
[ 1830107ms] [ERROR] Failed to load resource: the server responded with a status of 503 (Service Unavailable) @ http://localhost:4400/api/proxy/deals/hunts:0
[ 1830107ms] [ERROR] Failed to load resource: the server responded with a status of 503 (Service Unavailable) @ http://localhost:4400/api/proxy/intel/items?limit=50:0
[ 1830108ms] [ERROR] Failed to load resource: the server responded with a status of 503 (Service Unavailable) @ http://localhost:4400/api/proxy/deals/items?limit=50:0
[ 1830142ms] [ERROR] Failed to load resource: the server responded with a status of 503 (Service Unavailable) @ http://localhost:4400/api/proxy/intel/brief:0
