[      54ms] [INFO] %cDownload the React DevTools for a better development experience: https://reactjs.org/link/react-devtools font-weight:bold @ http://localhost:3001/node_modules/.vite/deps/chunk-Y62RWVFB.js?v=a87921e9:21550
[      59ms] [WARNING] WebSocket connection to 'ws://localhost:8080/ws/updates' failed: WebSocket is closed before the connection is established. @ http://localhost:3001/src/hooks/useWebSocket.ts:66
[      61ms] [ERROR] Error loading tasks: AxiosError @ http://localhost:3001/src/components/TaskList.tsx:38
[      61ms] [ERROR] Failed to load resource: net::ERR_CONNECTION_REFUSED @ http://localhost:8080/api/orchestrator/tasks:0
[      61ms] [ERROR] Error loading dashboard data: AxiosError @ http://localhost:3001/src/components/Dashboard.tsx?t=1776001745632:58
[      61ms] [ERROR] Failed to load resource: net::ERR_CONNECTION_REFUSED @ http://localhost:8080/api/orchestrator/status:0
[      61ms] [ERROR] Failed to load resource: net::ERR_CONNECTION_REFUSED @ http://localhost:8080/api/orchestrator/progress:0
[      61ms] [ERROR] Error loading tasks: AxiosError @ http://localhost:3001/src/components/TaskList.tsx:38
[      61ms] [ERROR] Failed to load resource: net::ERR_CONNECTION_REFUSED @ http://localhost:8080/api/orchestrator/tasks:0
[      61ms] [ERROR] Error loading dashboard data: AxiosError @ http://localhost:3001/src/components/Dashboard.tsx?t=1776001745632:58
[      61ms] [ERROR] Failed to load resource: net::ERR_CONNECTION_REFUSED @ http://localhost:8080/api/orchestrator/status:0
[      61ms] [ERROR] Failed to load resource: net::ERR_CONNECTION_REFUSED @ http://localhost:8080/api/orchestrator/progress:0
[      62ms] [WARNING] WebSocket connection to 'ws://localhost:8080/ws/updates' failed: WebSocket is closed before the connection is established. @ http://localhost:3001/src/hooks/useWebSocket.ts:66
[      72ms] [ERROR] WebSocket connection to 'ws://localhost:8080/ws/updates' failed: Error in connection establishment: net::ERR_CONNECTION_REFUSED @ http://localhost:3001/src/hooks/useWebSocket.ts:22
[    3067ms] [ERROR] WebSocket connection to 'ws://localhost:8080/ws/updates' failed: Error in connection establishment: net::ERR_CONNECTION_REFUSED @ http://localhost:3001/src/hooks/useWebSocket.ts:22
[    3077ms] [ERROR] WebSocket connection to 'ws://localhost:8080/ws/updates' failed: Error in connection establishment: net::ERR_CONNECTION_REFUSED @ http://localhost:3001/src/hooks/useWebSocket.ts:22
[    3725ms] [ERROR] WebSocket connection to 'ws://localhost:8080/ws/updates' failed: Error in connection establishment: net::ERR_CONNECTION_REFUSED @ http://localhost:3001/src/hooks/useWebSocket.ts:22
[    3730ms] [ERROR] Warning: validateDOMNesting(...): %s cannot appear as a descendant of <%s>.%s <button> button 
    at button
    at button
    at div
    at div
    at div
    at DealsTab (http://localhost:3001/src/components/DealsTab.tsx?t=1776001745632:22:28)
    at div
    at div
    at Dashboard (http://localhost:3001/src/components/Dashboard.tsx?t=1776001745632:29:31)
    at RenderedRoute (http://localhost:3001/node_modules/.vite/deps/react-router-dom.js?v=f3f419af:6021:26)
    at Routes (http://localhost:3001/node_modules/.vite/deps/react-router-dom.js?v=f3f419af:6815:3)
    at div
    at Router (http://localhost:3001/node_modules/.vite/deps/react-router-dom.js?v=f3f419af:6758:13)
    at BrowserRouter (http://localhost:3001/node_modules/.vite/deps/react-router-dom.js?v=f3f419af:9878:3)
    at App @ http://localhost:3001/node_modules/.vite/deps/chunk-Y62RWVFB.js?v=a87921e9:520
[    3731ms] [ERROR] WebSocket connection to 'ws://localhost:8080/ws/updates' failed: Error in connection establishment: net::ERR_CONNECTION_REFUSED @ http://localhost:3001/src/hooks/useWebSocket.ts:22
[    5062ms] [ERROR] Error loading dashboard data: AxiosError @ http://localhost:3001/src/components/Dashboard.tsx?t=1776001745632:58
[    5062ms] [ERROR] Failed to load resource: net::ERR_CONNECTION_REFUSED @ http://localhost:8080/api/orchestrator/status:0
[    5062ms] [ERROR] Failed to load resource: net::ERR_CONNECTION_REFUSED @ http://localhost:8080/api/orchestrator/progress:0
[    6070ms] [ERROR] WebSocket connection to 'ws://localhost:8080/ws/updates' failed: Error in connection establishment: net::ERR_CONNECTION_REFUSED @ http://localhost:3001/src/hooks/useWebSocket.ts:22
[   10063ms] [ERROR] Error loading dashboard data: AxiosError @ http://localhost:3001/src/components/Dashboard.tsx?t=1776001745632:58
[   10063ms] [ERROR] Failed to load resource: net::ERR_CONNECTION_REFUSED @ http://localhost:8080/api/orchestrator/status:0
[   10063ms] [ERROR] Failed to load resource: net::ERR_CONNECTION_REFUSED @ http://localhost:8080/api/orchestrator/progress:0
[   15062ms] [ERROR] Error loading dashboard data: AxiosError @ http://localhost:3001/src/components/Dashboard.tsx?t=1776001745632:58
[   15063ms] [ERROR] Failed to load resource: net::ERR_CONNECTION_REFUSED @ http://localhost:8080/api/orchestrator/status:0
[   15063ms] [ERROR] Failed to load resource: net::ERR_CONNECTION_REFUSED @ http://localhost:8080/api/orchestrator/progress:0
[   20061ms] [ERROR] Error loading dashboard data: AxiosError @ http://localhost:3001/src/components/Dashboard.tsx?t=1776001745632:58
[   20061ms] [ERROR] Failed to load resource: net::ERR_CONNECTION_REFUSED @ http://localhost:8080/api/orchestrator/status:0
[   20061ms] [ERROR] Failed to load resource: net::ERR_CONNECTION_REFUSED @ http://localhost:8080/api/orchestrator/progress:0
[   25062ms] [ERROR] Error loading dashboard data: AxiosError @ http://localhost:3001/src/components/Dashboard.tsx?t=1776001745632:58
[   25062ms] [ERROR] Failed to load resource: net::ERR_CONNECTION_REFUSED @ http://localhost:8080/api/orchestrator/status:0
[   25062ms] [ERROR] Failed to load resource: net::ERR_CONNECTION_REFUSED @ http://localhost:8080/api/orchestrator/progress:0
[   30064ms] [ERROR] Error loading dashboard data: AxiosError @ http://localhost:3001/src/components/Dashboard.tsx?t=1776001745632:58
[   30064ms] [ERROR] Failed to load resource: net::ERR_CONNECTION_REFUSED @ http://localhost:8080/api/orchestrator/status:0
[   30064ms] [ERROR] Failed to load resource: net::ERR_CONNECTION_REFUSED @ http://localhost:8080/api/orchestrator/progress:0
[   35063ms] [ERROR] Error loading dashboard data: AxiosError @ http://localhost:3001/src/components/Dashboard.tsx?t=1776001745632:58
[   35064ms] [ERROR] Failed to load resource: net::ERR_CONNECTION_REFUSED @ http://localhost:8080/api/orchestrator/status:0
[   35064ms] [ERROR] Failed to load resource: net::ERR_CONNECTION_REFUSED @ http://localhost:8080/api/orchestrator/progress:0
[   40065ms] [ERROR] Error loading dashboard data: AxiosError @ http://localhost:3001/src/components/Dashboard.tsx?t=1776001745632:58
[   40065ms] [ERROR] Failed to load resource: net::ERR_CONNECTION_REFUSED @ http://localhost:8080/api/orchestrator/status:0
[   40065ms] [ERROR] Failed to load resource: net::ERR_CONNECTION_REFUSED @ http://localhost:8080/api/orchestrator/progress:0
[   45061ms] [ERROR] Error loading dashboard data: AxiosError @ http://localhost:3001/src/components/Dashboard.tsx?t=1776001745632:58
[   45061ms] [ERROR] Failed to load resource: net::ERR_CONNECTION_REFUSED @ http://localhost:8080/api/orchestrator/status:0
[   45061ms] [ERROR] Failed to load resource: net::ERR_CONNECTION_REFUSED @ http://localhost:8080/api/orchestrator/progress:0
[   50063ms] [ERROR] Error loading dashboard data: AxiosError @ http://localhost:3001/src/components/Dashboard.tsx?t=1776001745632:58
[   50064ms] [ERROR] Failed to load resource: net::ERR_CONNECTION_REFUSED @ http://localhost:8080/api/orchestrator/status:0
[   50064ms] [ERROR] Failed to load resource: net::ERR_CONNECTION_REFUSED @ http://localhost:8080/api/orchestrator/progress:0
[   55062ms] [ERROR] Error loading dashboard data: AxiosError @ http://localhost:3001/src/components/Dashboard.tsx?t=1776001745632:58
[   55062ms] [ERROR] Failed to load resource: net::ERR_CONNECTION_REFUSED @ http://localhost:8080/api/orchestrator/status:0
[   55063ms] [ERROR] Failed to load resource: net::ERR_CONNECTION_REFUSED @ http://localhost:8080/api/orchestrator/progress:0
[   60064ms] [ERROR] Error loading dashboard data: AxiosError @ http://localhost:3001/src/components/Dashboard.tsx?t=1776001745632:58
[   60064ms] [ERROR] Failed to load resource: net::ERR_CONNECTION_REFUSED @ http://localhost:8080/api/orchestrator/status:0
[   60064ms] [ERROR] Failed to load resource: net::ERR_CONNECTION_REFUSED @ http://localhost:8080/api/orchestrator/progress:0
[   65062ms] [ERROR] Error loading dashboard data: AxiosError @ http://localhost:3001/src/components/Dashboard.tsx?t=1776001745632:58
[   65062ms] [ERROR] Failed to load resource: net::ERR_CONNECTION_REFUSED @ http://localhost:8080/api/orchestrator/status:0
[   65062ms] [ERROR] Failed to load resource: net::ERR_CONNECTION_REFUSED @ http://localhost:8080/api/orchestrator/progress:0
[   70063ms] [ERROR] Error loading dashboard data: AxiosError @ http://localhost:3001/src/components/Dashboard.tsx?t=1776001745632:58
[   70063ms] [ERROR] Failed to load resource: net::ERR_CONNECTION_REFUSED @ http://localhost:8080/api/orchestrator/status:0
[   70064ms] [ERROR] Failed to load resource: net::ERR_CONNECTION_REFUSED @ http://localhost:8080/api/orchestrator/progress:0
[   75062ms] [ERROR] Error loading dashboard data: AxiosError @ http://localhost:3001/src/components/Dashboard.tsx?t=1776001745632:58
[   75062ms] [ERROR] Failed to load resource: net::ERR_CONNECTION_REFUSED @ http://localhost:8080/api/orchestrator/status:0
[   75062ms] [ERROR] Failed to load resource: net::ERR_CONNECTION_REFUSED @ http://localhost:8080/api/orchestrator/progress:0
[   80062ms] [ERROR] Error loading dashboard data: AxiosError @ http://localhost:3001/src/components/Dashboard.tsx?t=1776001745632:58
[   80062ms] [ERROR] Failed to load resource: net::ERR_CONNECTION_REFUSED @ http://localhost:8080/api/orchestrator/status:0
[   80062ms] [ERROR] Failed to load resource: net::ERR_CONNECTION_REFUSED @ http://localhost:8080/api/orchestrator/progress:0
[   85062ms] [ERROR] Error loading dashboard data: AxiosError @ http://localhost:3001/src/components/Dashboard.tsx?t=1776001745632:58
[   85062ms] [ERROR] Failed to load resource: net::ERR_CONNECTION_REFUSED @ http://localhost:8080/api/orchestrator/status:0
[   85062ms] [ERROR] Failed to load resource: net::ERR_CONNECTION_REFUSED @ http://localhost:8080/api/orchestrator/progress:0
[   90062ms] [ERROR] Error loading dashboard data: AxiosError @ http://localhost:3001/src/components/Dashboard.tsx?t=1776001745632:58
[   90062ms] [ERROR] Failed to load resource: net::ERR_CONNECTION_REFUSED @ http://localhost:8080/api/orchestrator/status:0
[   90062ms] [ERROR] Failed to load resource: net::ERR_CONNECTION_REFUSED @ http://localhost:8080/api/orchestrator/progress:0
[   95063ms] [ERROR] Error loading dashboard data: AxiosError @ http://localhost:3001/src/components/Dashboard.tsx?t=1776001745632:58
[   95063ms] [ERROR] Failed to load resource: net::ERR_CONNECTION_REFUSED @ http://localhost:8080/api/orchestrator/status:0
[   95063ms] [ERROR] Failed to load resource: net::ERR_CONNECTION_REFUSED @ http://localhost:8080/api/orchestrator/progress:0
[  100062ms] [ERROR] Error loading dashboard data: AxiosError @ http://localhost:3001/src/components/Dashboard.tsx?t=1776001745632:58
[  100062ms] [ERROR] Failed to load resource: net::ERR_CONNECTION_REFUSED @ http://localhost:8080/api/orchestrator/status:0
[  100062ms] [ERROR] Failed to load resource: net::ERR_CONNECTION_REFUSED @ http://localhost:8080/api/orchestrator/progress:0
[  105064ms] [ERROR] Error loading dashboard data: AxiosError @ http://localhost:3001/src/components/Dashboard.tsx?t=1776001745632:58
[  105064ms] [ERROR] Failed to load resource: net::ERR_CONNECTION_REFUSED @ http://localhost:8080/api/orchestrator/status:0
[  105064ms] [ERROR] Failed to load resource: net::ERR_CONNECTION_REFUSED @ http://localhost:8080/api/orchestrator/progress:0
[  110062ms] [ERROR] Error loading dashboard data: AxiosError @ http://localhost:3001/src/components/Dashboard.tsx?t=1776001745632:58
[  110062ms] [ERROR] Failed to load resource: net::ERR_CONNECTION_REFUSED @ http://localhost:8080/api/orchestrator/status:0
[  110062ms] [ERROR] Failed to load resource: net::ERR_CONNECTION_REFUSED @ http://localhost:8080/api/orchestrator/progress:0
[  115062ms] [ERROR] Error loading dashboard data: AxiosError @ http://localhost:3001/src/components/Dashboard.tsx?t=1776001745632:58
[  115062ms] [ERROR] Failed to load resource: net::ERR_CONNECTION_REFUSED @ http://localhost:8080/api/orchestrator/status:0
[  115062ms] [ERROR] Failed to load resource: net::ERR_CONNECTION_REFUSED @ http://localhost:8080/api/orchestrator/progress:0
[  120061ms] [ERROR] Error loading dashboard data: AxiosError @ http://localhost:3001/src/components/Dashboard.tsx?t=1776001745632:58
[  120061ms] [ERROR] Failed to load resource: net::ERR_CONNECTION_REFUSED @ http://localhost:8080/api/orchestrator/status:0
[  120061ms] [ERROR] Failed to load resource: net::ERR_CONNECTION_REFUSED @ http://localhost:8080/api/orchestrator/progress:0
[  125062ms] [ERROR] Error loading dashboard data: AxiosError @ http://localhost:3001/src/components/Dashboard.tsx?t=1776001745632:58
[  125062ms] [ERROR] Failed to load resource: net::ERR_CONNECTION_REFUSED @ http://localhost:8080/api/orchestrator/status:0
[  125062ms] [ERROR] Failed to load resource: net::ERR_CONNECTION_REFUSED @ http://localhost:8080/api/orchestrator/progress:0
[  130062ms] [ERROR] Error loading dashboard data: AxiosError @ http://localhost:3001/src/components/Dashboard.tsx?t=1776001745632:58
[  130062ms] [ERROR] Failed to load resource: net::ERR_CONNECTION_REFUSED @ http://localhost:8080/api/orchestrator/status:0
[  130062ms] [ERROR] Failed to load resource: net::ERR_CONNECTION_REFUSED @ http://localhost:8080/api/orchestrator/progress:0
[  135063ms] [ERROR] Error loading dashboard data: AxiosError @ http://localhost:3001/src/components/Dashboard.tsx?t=1776001745632:58
[  135064ms] [ERROR] Failed to load resource: net::ERR_CONNECTION_REFUSED @ http://localhost:8080/api/orchestrator/status:0
[  135064ms] [ERROR] Failed to load resource: net::ERR_CONNECTION_REFUSED @ http://localhost:8080/api/orchestrator/progress:0
[  140062ms] [ERROR] Error loading dashboard data: AxiosError @ http://localhost:3001/src/components/Dashboard.tsx?t=1776001745632:58
[  140062ms] [ERROR] Failed to load resource: net::ERR_CONNECTION_REFUSED @ http://localhost:8080/api/orchestrator/status:0
[  140062ms] [ERROR] Failed to load resource: net::ERR_CONNECTION_REFUSED @ http://localhost:8080/api/orchestrator/progress:0
[  145062ms] [ERROR] Error loading dashboard data: AxiosError @ http://localhost:3001/src/components/Dashboard.tsx?t=1776001745632:58
[  145062ms] [ERROR] Failed to load resource: net::ERR_CONNECTION_REFUSED @ http://localhost:8080/api/orchestrator/status:0
[  145062ms] [ERROR] Failed to load resource: net::ERR_CONNECTION_REFUSED @ http://localhost:8080/api/orchestrator/progress:0
[  150061ms] [ERROR] Error loading dashboard data: AxiosError @ http://localhost:3001/src/components/Dashboard.tsx?t=1776001745632:58
[  150061ms] [ERROR] Failed to load resource: net::ERR_CONNECTION_REFUSED @ http://localhost:8080/api/orchestrator/status:0
[  150061ms] [ERROR] Failed to load resource: net::ERR_CONNECTION_REFUSED @ http://localhost:8080/api/orchestrator/progress:0
[  155062ms] [ERROR] Error loading dashboard data: AxiosError @ http://localhost:3001/src/components/Dashboard.tsx?t=1776001745632:58
[  155062ms] [ERROR] Failed to load resource: net::ERR_CONNECTION_REFUSED @ http://localhost:8080/api/orchestrator/status:0
[  155062ms] [ERROR] Failed to load resource: net::ERR_CONNECTION_REFUSED @ http://localhost:8080/api/orchestrator/progress:0
[  160062ms] [ERROR] Error loading dashboard data: AxiosError @ http://localhost:3001/src/components/Dashboard.tsx?t=1776001745632:58
[  160062ms] [ERROR] Failed to load resource: net::ERR_CONNECTION_REFUSED @ http://localhost:8080/api/orchestrator/status:0
[  160062ms] [ERROR] Failed to load resource: net::ERR_CONNECTION_REFUSED @ http://localhost:8080/api/orchestrator/progress:0
[  165062ms] [ERROR] Error loading dashboard data: AxiosError @ http://localhost:3001/src/components/Dashboard.tsx?t=1776001745632:58
[  165062ms] [ERROR] Failed to load resource: net::ERR_CONNECTION_REFUSED @ http://localhost:8080/api/orchestrator/status:0
[  165062ms] [ERROR] Failed to load resource: net::ERR_CONNECTION_REFUSED @ http://localhost:8080/api/orchestrator/progress:0
[  170062ms] [ERROR] Error loading dashboard data: AxiosError @ http://localhost:3001/src/components/Dashboard.tsx?t=1776001745632:58
[  170062ms] [ERROR] Failed to load resource: net::ERR_CONNECTION_REFUSED @ http://localhost:8080/api/orchestrator/status:0
[  170063ms] [ERROR] Failed to load resource: net::ERR_CONNECTION_REFUSED @ http://localhost:8080/api/orchestrator/progress:0
[  175063ms] [ERROR] Error loading dashboard data: AxiosError @ http://localhost:3001/src/components/Dashboard.tsx?t=1776001745632:58
[  175063ms] [ERROR] Failed to load resource: net::ERR_CONNECTION_REFUSED @ http://localhost:8080/api/orchestrator/status:0
[  175063ms] [ERROR] Failed to load resource: net::ERR_CONNECTION_REFUSED @ http://localhost:8080/api/orchestrator/progress:0
[  180062ms] [ERROR] Error loading dashboard data: AxiosError @ http://localhost:3001/src/components/Dashboard.tsx?t=1776001745632:58
[  180062ms] [ERROR] Failed to load resource: net::ERR_CONNECTION_REFUSED @ http://localhost:8080/api/orchestrator/status:0
[  180062ms] [ERROR] Failed to load resource: net::ERR_CONNECTION_REFUSED @ http://localhost:8080/api/orchestrator/progress:0
[  185063ms] [ERROR] Error loading dashboard data: AxiosError @ http://localhost:3001/src/components/Dashboard.tsx?t=1776001745632:58
[  185063ms] [ERROR] Failed to load resource: net::ERR_CONNECTION_REFUSED @ http://localhost:8080/api/orchestrator/status:0
[  185063ms] [ERROR] Failed to load resource: net::ERR_CONNECTION_REFUSED @ http://localhost:8080/api/orchestrator/progress:0
[  190063ms] [ERROR] Error loading dashboard data: AxiosError @ http://localhost:3001/src/components/Dashboard.tsx?t=1776001745632:58
[  190063ms] [ERROR] Failed to load resource: net::ERR_CONNECTION_REFUSED @ http://localhost:8080/api/orchestrator/status:0
[  190063ms] [ERROR] Failed to load resource: net::ERR_CONNECTION_REFUSED @ http://localhost:8080/api/orchestrator/progress:0
[  195062ms] [ERROR] Error loading dashboard data: AxiosError @ http://localhost:3001/src/components/Dashboard.tsx?t=1776001745632:58
[  195062ms] [ERROR] Failed to load resource: net::ERR_CONNECTION_REFUSED @ http://localhost:8080/api/orchestrator/status:0
[  195062ms] [ERROR] Failed to load resource: net::ERR_CONNECTION_REFUSED @ http://localhost:8080/api/orchestrator/progress:0
[  200061ms] [ERROR] Error loading dashboard data: AxiosError @ http://localhost:3001/src/components/Dashboard.tsx?t=1776001745632:58
[  200061ms] [ERROR] Failed to load resource: net::ERR_CONNECTION_REFUSED @ http://localhost:8080/api/orchestrator/status:0
[  200061ms] [ERROR] Failed to load resource: net::ERR_CONNECTION_REFUSED @ http://localhost:8080/api/orchestrator/progress:0
[  205062ms] [ERROR] Error loading dashboard data: AxiosError @ http://localhost:3001/src/components/Dashboard.tsx?t=1776001745632:58
[  205062ms] [ERROR] Failed to load resource: net::ERR_CONNECTION_REFUSED @ http://localhost:8080/api/orchestrator/status:0
[  205062ms] [ERROR] Failed to load resource: net::ERR_CONNECTION_REFUSED @ http://localhost:8080/api/orchestrator/progress:0
[  210063ms] [ERROR] Error loading dashboard data: AxiosError @ http://localhost:3001/src/components/Dashboard.tsx?t=1776001745632:58
[  210063ms] [ERROR] Failed to load resource: net::ERR_CONNECTION_REFUSED @ http://localhost:8080/api/orchestrator/status:0
[  210064ms] [ERROR] Failed to load resource: net::ERR_CONNECTION_REFUSED @ http://localhost:8080/api/orchestrator/progress:0
[  215063ms] [ERROR] Error loading dashboard data: AxiosError @ http://localhost:3001/src/components/Dashboard.tsx?t=1776001745632:58
[  215063ms] [ERROR] Failed to load resource: net::ERR_CONNECTION_REFUSED @ http://localhost:8080/api/orchestrator/status:0
[  215063ms] [ERROR] Failed to load resource: net::ERR_CONNECTION_REFUSED @ http://localhost:8080/api/orchestrator/progress:0
[  220063ms] [ERROR] Error loading dashboard data: AxiosError @ http://localhost:3001/src/components/Dashboard.tsx?t=1776001745632:58
[  220063ms] [ERROR] Failed to load resource: net::ERR_CONNECTION_REFUSED @ http://localhost:8080/api/orchestrator/status:0
[  220063ms] [ERROR] Failed to load resource: net::ERR_CONNECTION_REFUSED @ http://localhost:8080/api/orchestrator/progress:0
[  225062ms] [ERROR] Error loading dashboard data: AxiosError @ http://localhost:3001/src/components/Dashboard.tsx?t=1776001745632:58
[  225062ms] [ERROR] Failed to load resource: net::ERR_CONNECTION_REFUSED @ http://localhost:8080/api/orchestrator/status:0
[  225062ms] [ERROR] Failed to load resource: net::ERR_CONNECTION_REFUSED @ http://localhost:8080/api/orchestrator/progress:0
[  230063ms] [ERROR] Error loading dashboard data: AxiosError @ http://localhost:3001/src/components/Dashboard.tsx?t=1776001745632:58
[  230063ms] [ERROR] Failed to load resource: net::ERR_CONNECTION_REFUSED @ http://localhost:8080/api/orchestrator/status:0
[  230063ms] [ERROR] Failed to load resource: net::ERR_CONNECTION_REFUSED @ http://localhost:8080/api/orchestrator/progress:0
[  235063ms] [ERROR] Error loading dashboard data: AxiosError @ http://localhost:3001/src/components/Dashboard.tsx?t=1776001745632:58
[  235064ms] [ERROR] Failed to load resource: net::ERR_CONNECTION_REFUSED @ http://localhost:8080/api/orchestrator/status:0
[  235064ms] [ERROR] Failed to load resource: net::ERR_CONNECTION_REFUSED @ http://localhost:8080/api/orchestrator/progress:0
[  240064ms] [ERROR] Error loading dashboard data: AxiosError @ http://localhost:3001/src/components/Dashboard.tsx?t=1776001745632:58
[  240064ms] [ERROR] Failed to load resource: net::ERR_CONNECTION_REFUSED @ http://localhost:8080/api/orchestrator/status:0
[  240064ms] [ERROR] Failed to load resource: net::ERR_CONNECTION_REFUSED @ http://localhost:8080/api/orchestrator/progress:0
[  245063ms] [ERROR] Error loading dashboard data: AxiosError @ http://localhost:3001/src/components/Dashboard.tsx?t=1776001745632:58
[  245063ms] [ERROR] Failed to load resource: net::ERR_CONNECTION_REFUSED @ http://localhost:8080/api/orchestrator/status:0
[  245063ms] [ERROR] Failed to load resource: net::ERR_CONNECTION_REFUSED @ http://localhost:8080/api/orchestrator/progress:0
[  250064ms] [ERROR] Error loading dashboard data: AxiosError @ http://localhost:3001/src/components/Dashboard.tsx?t=1776001745632:58
[  250064ms] [ERROR] Failed to load resource: net::ERR_CONNECTION_REFUSED @ http://localhost:8080/api/orchestrator/status:0
[  250064ms] [ERROR] Failed to load resource: net::ERR_CONNECTION_REFUSED @ http://localhost:8080/api/orchestrator/progress:0
[  255064ms] [ERROR] Error loading dashboard data: AxiosError @ http://localhost:3001/src/components/Dashboard.tsx?t=1776001745632:58
[  255064ms] [ERROR] Failed to load resource: net::ERR_CONNECTION_REFUSED @ http://localhost:8080/api/orchestrator/status:0
[  255064ms] [ERROR] Failed to load resource: net::ERR_CONNECTION_REFUSED @ http://localhost:8080/api/orchestrator/progress:0
[  260062ms] [ERROR] Error loading dashboard data: AxiosError @ http://localhost:3001/src/components/Dashboard.tsx?t=1776001745632:58
[  260062ms] [ERROR] Failed to load resource: net::ERR_CONNECTION_REFUSED @ http://localhost:8080/api/orchestrator/status:0
[  260063ms] [ERROR] Failed to load resource: net::ERR_CONNECTION_REFUSED @ http://localhost:8080/api/orchestrator/progress:0
[  265065ms] [ERROR] Error loading dashboard data: AxiosError @ http://localhost:3001/src/components/Dashboard.tsx?t=1776001745632:58
[  265065ms] [ERROR] Failed to load resource: net::ERR_CONNECTION_REFUSED @ http://localhost:8080/api/orchestrator/status:0
[  265065ms] [ERROR] Failed to load resource: net::ERR_CONNECTION_REFUSED @ http://localhost:8080/api/orchestrator/progress:0
[  270064ms] [ERROR] Error loading dashboard data: AxiosError @ http://localhost:3001/src/components/Dashboard.tsx?t=1776001745632:58
[  270064ms] [ERROR] Failed to load resource: net::ERR_CONNECTION_REFUSED @ http://localhost:8080/api/orchestrator/status:0
[  270065ms] [ERROR] Failed to load resource: net::ERR_CONNECTION_REFUSED @ http://localhost:8080/api/orchestrator/progress:0
[  275064ms] [ERROR] Error loading dashboard data: AxiosError @ http://localhost:3001/src/components/Dashboard.tsx?t=1776001745632:58
[  275065ms] [ERROR] Failed to load resource: net::ERR_CONNECTION_REFUSED @ http://localhost:8080/api/orchestrator/status:0
[  275065ms] [ERROR] Failed to load resource: net::ERR_CONNECTION_REFUSED @ http://localhost:8080/api/orchestrator/progress:0
[  280064ms] [ERROR] Error loading dashboard data: AxiosError @ http://localhost:3001/src/components/Dashboard.tsx?t=1776001745632:58
[  280064ms] [ERROR] Failed to load resource: net::ERR_CONNECTION_REFUSED @ http://localhost:8080/api/orchestrator/status:0
[  280065ms] [ERROR] Failed to load resource: net::ERR_CONNECTION_REFUSED @ http://localhost:8080/api/orchestrator/progress:0
[  285064ms] [ERROR] Error loading dashboard data: AxiosError @ http://localhost:3001/src/components/Dashboard.tsx?t=1776001745632:58
[  285064ms] [ERROR] Failed to load resource: net::ERR_CONNECTION_REFUSED @ http://localhost:8080/api/orchestrator/status:0
[  285064ms] [ERROR] Failed to load resource: net::ERR_CONNECTION_REFUSED @ http://localhost:8080/api/orchestrator/progress:0
[  290063ms] [ERROR] Error loading dashboard data: AxiosError @ http://localhost:3001/src/components/Dashboard.tsx?t=1776001745632:58
[  290064ms] [ERROR] Failed to load resource: net::ERR_CONNECTION_REFUSED @ http://localhost:8080/api/orchestrator/status:0
[  290064ms] [ERROR] Failed to load resource: net::ERR_CONNECTION_REFUSED @ http://localhost:8080/api/orchestrator/progress:0
[  295063ms] [ERROR] Error loading dashboard data: AxiosError @ http://localhost:3001/src/components/Dashboard.tsx?t=1776001745632:58
[  295063ms] [ERROR] Failed to load resource: net::ERR_CONNECTION_REFUSED @ http://localhost:8080/api/orchestrator/status:0
[  295063ms] [ERROR] Failed to load resource: net::ERR_CONNECTION_REFUSED @ http://localhost:8080/api/orchestrator/progress:0
[  300064ms] [ERROR] Error loading dashboard data: AxiosError @ http://localhost:3001/src/components/Dashboard.tsx?t=1776001745632:58
[  300064ms] [ERROR] Failed to load resource: net::ERR_CONNECTION_REFUSED @ http://localhost:8080/api/orchestrator/status:0
[  300064ms] [ERROR] Failed to load resource: net::ERR_CONNECTION_REFUSED @ http://localhost:8080/api/orchestrator/progress:0
