[     261ms] [ERROR] Failed to load resource: the server responded with a status of 404 (Not Found) @ http://localhost:4400/favicon.ico:0
[     264ms] [ERROR] Failed to load resource: the server responded with a status of 404 (Not Found) @ http://localhost:4400/api/proxy/intel/brief:0
[   30241ms] [ERROR] Failed to load resource: the server responded with a status of 404 (Not Found) @ http://localhost:4400/api/proxy/intel/brief:0
[   60292ms] [ERROR] Failed to load resource: the server responded with a status of 503 (Service Unavailable) @ http://localhost:4400/api/proxy/intel/improvements:0
[   60293ms] [ERROR] Failed to load resource: the server responded with a status of 503 (Service Unavailable) @ http://localhost:4400/api/proxy/deals/hunts:0
[   60293ms] [ERROR] Failed to load resource: the server responded with a status of 503 (Service Unavailable) @ http://localhost:4400/api/proxy/deals/items?limit=50:0
[   60294ms] [ERROR] Failed to load resource: the server responded with a status of 503 (Service Unavailable) @ http://localhost:4400/api/proxy/intel/alerts:0
[   60294ms] [ERROR] Failed to load resource: the server responded with a status of 503 (Service Unavailable) @ http://localhost:4400/api/proxy/intel/items?limit=50:0
[   60340ms] [ERROR] Failed to load resource: the server responded with a status of 503 (Service Unavailable) @ http://localhost:4400/api/proxy/intel/items?limit=50:0
[   60341ms] [ERROR] Failed to load resource: the server responded with a status of 503 (Service Unavailable) @ http://localhost:4400/api/proxy/deals/items?limit=50:0
[   60341ms] [ERROR] Failed to load resource: the server responded with a status of 503 (Service Unavailable) @ http://localhost:4400/api/proxy/deals/hunts:0
[   60374ms] [ERROR] Failed to load resource: the server responded with a status of 503 (Service Unavailable) @ http://localhost:4400/api/proxy/intel/brief:0
[   65799ms] [ERROR] Failed to load resource: the server responded with a status of 404 (Not Found) @ http://localhost:4400/api/projects/BuildRunner3/rollback:0
[   76377ms] [ERROR] Failed to load resource: the server responded with a status of 404 (Not Found) @ http://localhost:4400/api/projects/BuildRunner3/rollback:0
[   90256ms] [ERROR] Failed to load resource: the server responded with a status of 404 (Not Found) @ http://localhost:4400/api/proxy/intel/brief:0
[  120265ms] [ERROR] Failed to load resource: the server responded with a status of 404 (Not Found) @ http://localhost:4400/api/proxy/intel/brief:0
[  150291ms] [ERROR] Failed to load resource: the server responded with a status of 404 (Not Found) @ http://localhost:4400/api/proxy/intel/brief:0
[  180262ms] [ERROR] Failed to load resource: the server responded with a status of 503 (Service Unavailable) @ http://localhost:4400/api/proxy/intel/items?limit=50:0
[  180263ms] [ERROR] Failed to load resource: the server responded with a status of 503 (Service Unavailable) @ http://localhost:4400/api/proxy/deals/hunts:0
[  180267ms] [ERROR] Failed to load resource: the server responded with a status of 503 (Service Unavailable) @ http://localhost:4400/api/proxy/deals/items?limit=50:0
[  180268ms] [ERROR] Failed to load resource: the server responded with a status of 503 (Service Unavailable) @ http://localhost:4400/api/proxy/intel/alerts:0
[  180270ms] [ERROR] Failed to load resource: the server responded with a status of 503 (Service Unavailable) @ http://localhost:4400/api/proxy/intel/improvements:0
[  180299ms] [ERROR] Failed to load resource: the server responded with a status of 503 (Service Unavailable) @ http://localhost:4400/api/proxy/deals/hunts:0
[  180299ms] [ERROR] Failed to load resource: the server responded with a status of 503 (Service Unavailable) @ http://localhost:4400/api/proxy/intel/items?limit=50:0
[  180301ms] [ERROR] Failed to load resource: the server responded with a status of 503 (Service Unavailable) @ http://localhost:4400/api/proxy/deals/items?limit=50:0
[  180336ms] [ERROR] Failed to load resource: the server responded with a status of 503 (Service Unavailable) @ http://localhost:4400/api/proxy/intel/brief:0
[  210261ms] [ERROR] Failed to load resource: the server responded with a status of 503 (Service Unavailable) @ http://localhost:4400/api/proxy/deals/items?limit=50:0
[  210261ms] [ERROR] Failed to load resource: the server responded with a status of 503 (Service Unavailable) @ http://localhost:4400/api/proxy/intel/alerts:0
[  210262ms] [ERROR] Failed to load resource: the server responded with a status of 503 (Service Unavailable) @ http://localhost:4400/api/proxy/deals/hunts:0
[  210263ms] [ERROR] Failed to load resource: the server responded with a status of 503 (Service Unavailable) @ http://localhost:4400/api/proxy/intel/items?limit=50:0
[  210265ms] [ERROR] Failed to load resource: the server responded with a status of 503 (Service Unavailable) @ http://localhost:4400/api/proxy/intel/improvements:0
[  210299ms] [ERROR] Failed to load resource: the server responded with a status of 503 (Service Unavailable) @ http://localhost:4400/api/proxy/intel/items?limit=50:0
[  210299ms] [ERROR] Failed to load resource: the server responded with a status of 503 (Service Unavailable) @ http://localhost:4400/api/proxy/deals/hunts:0
[  210300ms] [ERROR] Failed to load resource: the server responded with a status of 503 (Service Unavailable) @ http://localhost:4400/api/proxy/deals/items?limit=50:0
[  210333ms] [ERROR] Failed to load resource: the server responded with a status of 503 (Service Unavailable) @ http://localhost:4400/api/proxy/intel/brief:0
