[    4604ms] [WARNING] Mixed Content: The page at 'https://www.google.com/search?q=ms-a2&rlz=1C5CHFA_enUS1185US1185&oq=ms-a2&gs_lcrp=EgZjaHJvbWUyCQgAEEUYORiABDIHCAEQABiABDIKCAIQLhiABBjlBDIHCAMQABiABDIHCAQQABiABDIHCAUQABiABDIHCAYQABiABDIHCAcQABiABDIHCAgQABiABDIHCAkQABiABNIBCDI2MDJqMGo3qAIAsAIA&sourceid=chrome&ie=UTF-8' was loaded over HTTPS, but requested an insecure element 'http://img.youtube.com/vi/Rfo4OX-0FyM/hqdefault.jpg'. This request was automatically upgraded to HTTPS, For more information see https://blog.chromium.org/2019/10/no-more-mixed-messages-about-https.html @ https://www.google.com/search?q=ms-a2&rlz=1C5CHFA_enUS1185US1185&oq=ms-a2&gs_lcrp=EgZjaHJvbWUyCQgAEEUYORiABDIHCAEQABiABDIKCAIQLhiABBjlBDIHCAMQABiABDIHCAQQABiABDIHCAUQABiABDIHCAYQABiABDIHCAcQABiABDIHCAgQABiABDIHCAkQABiABNIBCDI2MDJqMGo3qAIAsAIA&sourceid=chrome&ie=UTF-8:0
[   12546ms] [LOG] %cWelcome to labeler v3!🎉🎉 background: rgb(173, 216, 230);padding: 15px;font-size: 1.5em;font-family: 'Poppins', sans-serif;color: black;border-radius: 10px @ https://store.minisforum.com/products/minisforum-ms-a2-workstation?gad_campaignid=22483783391&gad_source=1&gbraid=0AAAAAppTKYw2p4JUvgj_ufOlCw8TdhGkh&gclid=EAIaIQobChMI0_KcuszokwMVIyfUAR1B_zaoEAAYASAAEgKWA_D_BwE&utm_medium=cpcg&utm_source=google:2178
[   12546ms] [LOG] %cVersion v0 background: rgb(144, 238, 144);padding: 5px;font-size: 1em;font-family: 'Poppins', sans-serif;color: black;border-radius: 10px @ https://store.minisforum.com/products/minisforum-ms-a2-workstation?gad_campaignid=22483783391&gad_source=1&gbraid=0AAAAAppTKYw2p4JUvgj_ufOlCw8TdhGkh&gclid=EAIaIQobChMI0_KcuszokwMVIyfUAR1B_zaoEAAYASAAEgKWA_D_BwE&utm_medium=cpcg&utm_source=google:2189
[   12546ms] [LOG] %cBeta version background: rgb(244, 205, 50);padding: 5px;font-size: 1em;font-family: 'Poppins', sans-serif;color: black;border-radius: 10px @ https://store.minisforum.com/products/minisforum-ms-a2-workstation?gad_campaignid=22483783391&gad_source=1&gbraid=0AAAAAppTKYw2p4JUvgj_ufOlCw8TdhGkh&gclid=EAIaIQobChMI0_KcuszokwMVIyfUAR1B_zaoEAAYASAAEgKWA_D_BwE&utm_medium=cpcg&utm_source=google:2543
[   12629ms] [LOG] Rio JS v4.159.0 @ https://cdn.shopify.com/extensions/0199e8e1-4121-74e5-a6d7-65b030dea933/prod-10/assets/productwiz-rio.min.js:0
[   12662ms] TypeError: Cannot read properties of null (reading 'style')
    at https://store.minisforum.com/products/minisforum-ms-a2-workstation?gad_campaignid=22483783391&gad_source=1&gbraid=0AAAAAppTKYw2p4JUvgj_ufOlCw8TdhGkh&gclid=EAIaIQobChMI0_KcuszokwMVIyfUAR1B_zaoEAAYASAAEgKWA_D_BwE&utm_medium=cpcg&utm_source=google:9989:76
[   12721ms] TypeError: Cannot read properties of undefined (reading 'classList')
    at MegaMenuPromoCarousel._updateControlsColor (https://store.minisforum.com/cdn/shop/t/41/assets/sections.js?v=63056347841002434001772531107:1:11294)
    at MegaMenuPromoCarousel.connectedCallback (https://store.minisforum.com/cdn/shop/t/41/assets/sections.js?v=63056347841002434001772531107:1:11189)
    at https://store.minisforum.com/cdn/shop/t/41/assets/sections.js?v=63056347841002434001772531107:1:16131
[   12743ms] TypeError: Failed to execute 'getComputedStyle' on 'Window': parameter 1 is not of type 'Element'.
    at Slideshow._onSlideSelected (https://store.minisforum.com/cdn/shop/t/41/assets/sections.js?v=63056347841002434001772531107:1:38001)
    at HTMLElement._dispatchEvent (https://store.minisforum.com/cdn/shop/t/41/assets/theme.js?v=184375632800509416171758268860:49:4075)
    at HTMLElement.connectedCallback (https://store.minisforum.com/cdn/shop/t/41/assets/theme.js?v=184375632800509416171758268860:49:2092)
    at HTMLElement.connectedCallback (https://store.minisforum.com/cdn/shop/t/41/assets/theme.js?v=184375632800509416171758268860:49:4239)
    at HTMLElement.connectedCallback (https://store.minisforum.com/cdn/shop/t/41/assets/sections.js?v=63056347841002434001772531107:1:38959)
    at https://store.minisforum.com/cdn/shop/t/41/assets/sections.js?v=63056347841002434001772531107:1:42732
[   12911ms] [LOG] undefined @ https://d39va5bdt61idd.cloudfront.net/cartAnimate.js?id=mjqyn8pc:1
[   13129ms] [LOG] [AAT 2026-04-12T15:11:28.941Z] PageView Status: SUCCESS @ https://store.minisforum.com/web-pixels@5bfe654aw9a31df99pb879ff13m3bd6cd49/custom/web-pixel-118063349@1/sandbox/modern/products/minisforum-ms-a2-workstation?gad_campaignid=22483783391&gad_source=1&gbraid=0AAAAAppTKYw2p4JUvgj_ufOlCw8TdhGkh&gclid=EAIaIQobChMI0_KcuszokwMVIyfUAR1B_zaoEAAYASAAEgKWA_D_BwE&utm_medium=cpcg&utm_source=google:40
[   13351ms] [WARNING] In a sandboxed environment, addEventListener may not behave as expected. @ https://store.minisforum.com/web-pixels@5bfe654aw9a31df99pb879ff13m3bd6cd49/custom/web-pixel-118063349@1/sandbox/modern/products/minisforum-ms-a2-workstation?gad_campaignid=22483783391&gad_source=1&gbraid=0AAAAAppTKYw2p4JUvgj_ufOlCw8TdhGkh&gclid=EAIaIQobChMI0_KcuszokwMVIyfUAR1B_zaoEAAYASAAEgKWA_D_BwE&utm_medium=cpcg&utm_source=google:6
[   13370ms] [WARNING] In a sandboxed environment, addEventListener may not behave as expected. @ https://store.minisforum.com/web-pixels@5bfe654aw9a31df99pb879ff13m3bd6cd49/custom/web-pixel-90145013@2/sandbox/modern/products/minisforum-ms-a2-workstation?gad_campaignid=22483783391&gad_source=1&gbraid=0AAAAAppTKYw2p4JUvgj_ufOlCw8TdhGkh&gclid=EAIaIQobChMI0_KcuszokwMVIyfUAR1B_zaoEAAYASAAEgKWA_D_BwE&utm_medium=cpcg&utm_source=google:6
[   13413ms] [WARNING] In a sandboxed environment, addEventListener may not behave as expected. @ https://store.minisforum.com/web-pixels@5bfe654aw9a31df99pb879ff13m3bd6cd49/custom/web-pixel-91783413@1/sandbox/modern/products/minisforum-ms-a2-workstation?gad_campaignid=22483783391&gad_source=1&gbraid=0AAAAAppTKYw2p4JUvgj_ufOlCw8TdhGkh&gclid=EAIaIQobChMI0_KcuszokwMVIyfUAR1B_zaoEAAYASAAEgKWA_D_BwE&utm_medium=cpcg&utm_source=google:6
[   13415ms] [WARNING] In a sandboxed environment, addEventListener may not behave as expected. @ https://store.minisforum.com/web-pixels@5bfe654aw9a31df99pb879ff13m3bd6cd49/custom/web-pixel-48070901@1/sandbox/modern/products/minisforum-ms-a2-workstation?gad_campaignid=22483783391&gad_source=1&gbraid=0AAAAAppTKYw2p4JUvgj_ufOlCw8TdhGkh&gclid=EAIaIQobChMI0_KcuszokwMVIyfUAR1B_zaoEAAYASAAEgKWA_D_BwE&utm_medium=cpcg&utm_source=google:6
[   13525ms] [WARNING] An iframe which has both allow-scripts and allow-same-origin for its sandbox attribute can escape its sandboxing. @ https://cdn.shopify.com/extensions/019d59a1-02f7-7559-bd14-8ff7eaf3ebe2/rivo-loyalty-rewards-referrals-760/assets/ba_loy_init.js:0
[   14034ms] [ERROR] Attestation check for Shared Storage on https://ara.paa-reporting-advertising.amazon failed. @ https://store.minisforum.com/web-pixels@5bfe654aw9a31df99pb879ff13m3bd6cd49/custom/web-pixel-118063349@1/sandbox/modern/products/minisforum-ms-a2-workstation?gad_campaignid=22483783391&gad_source=1&gbraid=0AAAAAppTKYw2p4JUvgj_ufOlCw8TdhGkh&gclid=EAIaIQobChMI0_KcuszokwMVIyfUAR1B_zaoEAAYASAAEgKWA_D_BwE&utm_medium=cpcg&utm_source=google:0
[   14043ms] [ERROR] Attestation check for Shared Storage on https://ara.paa-reporting-advertising.amazon failed. @ https://store.minisforum.com/web-pixels@5bfe654aw9a31df99pb879ff13m3bd6cd49/custom/web-pixel-118063349@1/sandbox/modern/products/minisforum-ms-a2-workstation?gad_campaignid=22483783391&gad_source=1&gbraid=0AAAAAppTKYw2p4JUvgj_ufOlCw8TdhGkh&gclid=EAIaIQobChMI0_KcuszokwMVIyfUAR1B_zaoEAAYASAAEgKWA_D_BwE&utm_medium=cpcg&utm_source=google:0
[   14057ms] [ERROR] Attestation check for Attribution Reporting on https://ara.paa-reporting-advertising.amazon failed. @ https://store.minisforum.com/products/minisforum-ms-a2-workstation?gad_campaignid=22483783391&gad_source=1&gbraid=0AAAAAppTKYw2p4JUvgj_ufOlCw8TdhGkh&gclid=EAIaIQobChMI0_KcuszokwMVIyfUAR1B_zaoEAAYASAAEgKWA_D_BwE&utm_medium=cpcg&utm_source=google:0
[   14059ms] [ERROR] Attestation check for Attribution Reporting on https://ara.paa-reporting-advertising.amazon failed. @ https://store.minisforum.com/products/minisforum-ms-a2-workstation?gad_campaignid=22483783391&gad_source=1&gbraid=0AAAAAppTKYw2p4JUvgj_ufOlCw8TdhGkh&gclid=EAIaIQobChMI0_KcuszokwMVIyfUAR1B_zaoEAAYASAAEgKWA_D_BwE&utm_medium=cpcg&utm_source=google:0
[   14059ms] [ERROR] Attestation check for Attribution Reporting on https://ara.paa-reporting-advertising.amazon failed. @ https://store.minisforum.com/products/minisforum-ms-a2-workstation?gad_campaignid=22483783391&gad_source=1&gbraid=0AAAAAppTKYw2p4JUvgj_ufOlCw8TdhGkh&gclid=EAIaIQobChMI0_KcuszokwMVIyfUAR1B_zaoEAAYASAAEgKWA_D_BwE&utm_medium=cpcg&utm_source=google:0
[   14087ms] [ERROR] Attestation check for Shared Storage on https://ara.paa-reporting-advertising.amazon failed. @ https://store.minisforum.com/products/minisforum-ms-a2-workstation?gad_campaignid=22483783391&gad_source=1&gbraid=0AAAAAppTKYw2p4JUvgj_ufOlCw8TdhGkh&gclid=EAIaIQobChMI0_KcuszokwMVIyfUAR1B_zaoEAAYASAAEgKWA_D_BwE&utm_medium=cpcg&utm_source=google:0
[   14165ms] [LOG] Amazon IVS Player SDK 1.43.0 @ https://asset.fwcdn3.com/js/assets/amazon-ivs-wasmworker.min.5c56f971916d2d6bb7b5ac49cddaf324.js:1
[   14477ms] [LOG] MediaCapabilities found [Object, Object, Object, Object, Object] @ https://asset.fwcdn3.com/js/assets/amazon-ivs-wasmworker.min.5c56f971916d2d6bb7b5ac49cddaf324.js:1
[   14493ms] [INFO] Clear-Site-Data header on 'https://store.minisforum.com/cart/update.js?src=seel': Cleared data types: "prefetchCache", "prerenderCache". @ https://store.minisforum.com/products/minisforum-ms-a2-workstation?gad_campaignid=22483783391&gad_source=1&gbraid=0AAAAAppTKYw2p4JUvgj_ufOlCw8TdhGkh&gclid=EAIaIQobChMI0_KcuszokwMVIyfUAR1B_zaoEAAYASAAEgKWA_D_BwE&utm_medium=cpcg&utm_source=google:0
[   14505ms] [ERROR] Attestation check for Attribution Reporting on https://www.facebook.com failed. @ https://store.minisforum.com/products/minisforum-ms-a2-workstation?gad_campaignid=22483783391&gad_source=1&gbraid=0AAAAAppTKYw2p4JUvgj_ufOlCw8TdhGkh&gclid=EAIaIQobChMI0_KcuszokwMVIyfUAR1B_zaoEAAYASAAEgKWA_D_BwE&utm_medium=cpcg&utm_source=google:0
[   16017ms] [WARNING] <meta name="apple-mobile-web-app-capable" content="yes"> is deprecated. Please include <meta name="mobile-web-app-capable" content="yes"> @ https://store.minisforum.com/products/minisforum-ms-a2-workstation?gad_campaignid=22483783391&gad_source=1&gbraid=0AAAAAppTKYw2p4JUvgj_ufOlCw8TdhGkh&gclid=EAIaIQobChMI0_KcuszokwMVIyfUAR1B_zaoEAAYASAAEgKWA_D_BwE&utm_medium=cpcg&utm_source=google:0
