[   35827ms] [ERROR] Failed to load resource: net::ERR_CONNECTION_RESET @ http://10.0.1.101:8100/api/research/stats:0
[   35827ms] [ERROR] Failed to load resource: the server responded with a status of 503 (Service Unavailable) @ http://localhost:4400/api/proxy/intel/items?limit=50:0
[   35828ms] [ERROR] Failed to load resource: the server responded with a status of 503 (Service Unavailable) @ http://localhost:4400/api/proxy/deals/hunts:0
[   35828ms] [ERROR] Failed to load resource: net::ERR_CONNECTION_RESET @ http://10.0.1.101:8100/api/research/stats:0
[   35828ms] [ERROR] Failed to load resource: the server responded with a status of 503 (Service Unavailable) @ http://localhost:4400/api/proxy/intel/alerts:0
[   35829ms] [ERROR] Failed to load resource: the server responded with a status of 503 (Service Unavailable) @ http://localhost:4400/api/proxy/deals/items?limit=50:0
[   35829ms] [ERROR] Failed to load resource: the server responded with a status of 503 (Service Unavailable) @ http://localhost:4400/api/proxy/intel/improvements:0
[   35865ms] [ERROR] Failed to load resource: net::ERR_CONNECTION_REFUSED @ http://10.0.1.101:8100/api/research/stats:0
[   35965ms] [ERROR] Failed to load resource: net::ERR_CONNECTION_REFUSED @ http://10.0.1.101:8100/api/research/search?query=*&limit=50:0
[   35966ms] [ERROR] Failed to load resource: the server responded with a status of 503 (Service Unavailable) @ http://localhost:4400/api/proxy/intel/items?limit=50:0
[   35966ms] [ERROR] Failed to load resource: the server responded with a status of 503 (Service Unavailable) @ http://localhost:4400/api/proxy/deals/hunts:0
[   35966ms] [ERROR] Failed to load resource: the server responded with a status of 503 (Service Unavailable) @ http://localhost:4400/api/proxy/deals/items?limit=50:0
[   35967ms] [ERROR] Failed to load resource: the server responded with a status of 503 (Service Unavailable) @ http://localhost:4400/api/proxy/intel/alerts:0
[   35967ms] [ERROR] Failed to load resource: the server responded with a status of 503 (Service Unavailable) @ http://localhost:4400/api/proxy/intel/improvements:0
[   36005ms] [ERROR] Failed to load resource: the server responded with a status of 503 (Service Unavailable) @ http://localhost:4400/api/proxy/deals/items?limit=50:0
[   36005ms] [ERROR] Failed to load resource: the server responded with a status of 503 (Service Unavailable) @ http://localhost:4400/api/proxy/deals/hunts:0
[   36005ms] [ERROR] Failed to load resource: the server responded with a status of 503 (Service Unavailable) @ http://localhost:4400/api/proxy/intel/items?limit=50:0
[   36037ms] [ERROR] Failed to load resource: the server responded with a status of 503 (Service Unavailable) @ http://localhost:4400/api/proxy/intel/brief:0
[   66546ms] [ERROR] Failed to load resource: the server responded with a status of 503 (Service Unavailable) @ http://localhost:4400/api/proxy/deals/items?limit=50:0
[   66551ms] [ERROR] Failed to load resource: the server responded with a status of 503 (Service Unavailable) @ http://localhost:4400/api/proxy/intel/alerts:0
[   66624ms] [ERROR] Failed to load resource: the server responded with a status of 503 (Service Unavailable) @ http://localhost:4400/api/proxy/deals/hunts:0
[   66672ms] [ERROR] Failed to load resource: the server responded with a status of 404 (Not Found) @ http://localhost:4400/api/proxy/intel/brief:0
[   80853ms] [ERROR] Failed to load resource: net::ERR_CONNECTION_REFUSED @ http://localhost:4400/api/sessions:0
[   80853ms] [ERROR] Failed to load resource: net::ERR_CONNECTION_REFUSED @ http://localhost:4400/api/usage:0
